2020-03-27 18:00:56,494 INFO 67709 [egg-schedule]: register schedule /Users/fengzhihao/Projects/github/edith-backend/node_modules/_egg-multipart@2.10.1@egg-multipart/app/schedule/clean_tmpdir.js
2020-03-27 18:00:56,494 INFO 67709 [egg-schedule]: register schedule /Users/fengzhihao/Projects/github/edith-backend/node_modules/_egg-logrotator@3.1.0@egg-logrotator/app/schedule/clean_log.js
2020-03-27 18:00:56,494 INFO 67709 [egg-schedule]: register schedule /Users/fengzhihao/Projects/github/edith-backend/node_modules/_egg-logrotator@3.1.0@egg-logrotator/app/schedule/rotate_by_file.js
2020-03-27 18:00:58,050 INFO 67708 [Timer] /Users/fengzhihao/Projects/github/edith-backend/node_modules/_egg-multipart@2.10.1@egg-multipart/app/schedule/clean_tmpdir.js next time will execute after 37741953ms at 2020-03-28 04:30:00.003
2020-03-27 18:00:58,051 INFO 67708 [Timer] /Users/fengzhihao/Projects/github/edith-backend/node_modules/_egg-logrotator@3.1.0@egg-logrotator/app/schedule/clean_log.js next time will execute after 21541949ms at 2020-03-28 00:00:00.000
2020-03-27 18:00:58,052 INFO 67708 [Timer] /Users/fengzhihao/Projects/github/edith-backend/node_modules/_egg-logrotator@3.1.0@egg-logrotator/app/schedule/rotate_by_file.js next time will execute after 21542948ms at 2020-03-28 00:00:01.000
2020-03-27 18:02:39,593 INFO 67808 [egg-schedule]: register schedule /Users/fengzhihao/Projects/github/edith-backend/node_modules/_egg-multipart@2.10.1@egg-multipart/app/schedule/clean_tmpdir.js
2020-03-27 18:02:39,593 INFO 67808 [egg-schedule]: register schedule /Users/fengzhihao/Projects/github/edith-backend/node_modules/_egg-logrotator@3.1.0@egg-logrotator/app/schedule/clean_log.js
2020-03-27 18:02:39,593 INFO 67808 [egg-schedule]: register schedule /Users/fengzhihao/Projects/github/edith-backend/node_modules/_egg-logrotator@3.1.0@egg-logrotator/app/schedule/rotate_by_file.js
2020-03-27 18:34:09,274 INFO 69631 [egg-schedule]: register schedule /Users/fengzhihao/Projects/github/edith-backend/node_modules/_egg-multipart@2.10.1@egg-multipart/app/schedule/clean_tmpdir.js
2020-03-27 18:34:09,274 INFO 69631 [egg-schedule]: register schedule /Users/fengzhihao/Projects/github/edith-backend/node_modules/_egg-logrotator@3.1.0@egg-logrotator/app/schedule/clean_log.js
2020-03-27 18:34:09,274 INFO 69631 [egg-schedule]: register schedule /Users/fengzhihao/Projects/github/edith-backend/node_modules/_egg-logrotator@3.1.0@egg-logrotator/app/schedule/rotate_by_file.js
2020-03-27 18:34:11,498 INFO 69630 [Timer] /Users/fengzhihao/Projects/github/edith-backend/node_modules/_egg-multipart@2.10.1@egg-multipart/app/schedule/clean_tmpdir.js next time will execute after 35748506ms at 2020-03-28 04:30:00.004
2020-03-27 18:34:11,499 INFO 69630 [Timer] /Users/fengzhihao/Projects/github/edith-backend/node_modules/_egg-logrotator@3.1.0@egg-logrotator/app/schedule/clean_log.js next time will execute after 19548502ms at 2020-03-28 00:00:00.001
2020-03-27 18:34:11,499 INFO 69630 [Timer] /Users/fengzhihao/Projects/github/edith-backend/node_modules/_egg-logrotator@3.1.0@egg-logrotator/app/schedule/rotate_by_file.js next time will execute after 19549501ms at 2020-03-28 00:00:01.000
2020-03-27 18:35:14,066 INFO 69682 [egg-schedule]: register schedule /Users/fengzhihao/Projects/github/edith-backend/node_modules/_egg-multipart@2.10.1@egg-multipart/app/schedule/clean_tmpdir.js
2020-03-27 18:35:14,066 INFO 69682 [egg-schedule]: register schedule /Users/fengzhihao/Projects/github/edith-backend/node_modules/_egg-logrotator@3.1.0@egg-logrotator/app/schedule/clean_log.js
2020-03-27 18:35:14,066 INFO 69682 [egg-schedule]: register schedule /Users/fengzhihao/Projects/github/edith-backend/node_modules/_egg-logrotator@3.1.0@egg-logrotator/app/schedule/rotate_by_file.js
2020-03-27 18:35:16,778 INFO 69692 [egg-schedule]: register schedule /Users/fengzhihao/Projects/github/edith-backend/node_modules/_egg-multipart@2.10.1@egg-multipart/app/schedule/clean_tmpdir.js
2020-03-27 18:35:16,778 INFO 69692 [egg-schedule]: register schedule /Users/fengzhihao/Projects/github/edith-backend/node_modules/_egg-logrotator@3.1.0@egg-logrotator/app/schedule/clean_log.js
2020-03-27 18:35:16,778 INFO 69692 [egg-schedule]: register schedule /Users/fengzhihao/Projects/github/edith-backend/node_modules/_egg-logrotator@3.1.0@egg-logrotator/app/schedule/rotate_by_file.js
2020-03-27 18:35:19,754 INFO 69705 [egg-schedule]: register schedule /Users/fengzhihao/Projects/github/edith-backend/node_modules/_egg-multipart@2.10.1@egg-multipart/app/schedule/clean_tmpdir.js
2020-03-27 18:35:19,754 INFO 69705 [egg-schedule]: register schedule /Users/fengzhihao/Projects/github/edith-backend/node_modules/_egg-logrotator@3.1.0@egg-logrotator/app/schedule/clean_log.js
2020-03-27 18:35:19,754 INFO 69705 [egg-schedule]: register schedule /Users/fengzhihao/Projects/github/edith-backend/node_modules/_egg-logrotator@3.1.0@egg-logrotator/app/schedule/rotate_by_file.js
2020-03-27 18:38:54,519 INFO 70106 [egg-schedule]: register schedule /Users/fengzhihao/Projects/github/edith-backend/node_modules/_egg-multipart@2.10.1@egg-multipart/app/schedule/clean_tmpdir.js
2020-03-27 18:38:54,519 INFO 70106 [egg-schedule]: register schedule /Users/fengzhihao/Projects/github/edith-backend/node_modules/_egg-logrotator@3.1.0@egg-logrotator/app/schedule/clean_log.js
2020-03-27 18:38:54,519 INFO 70106 [egg-schedule]: register schedule /Users/fengzhihao/Projects/github/edith-backend/node_modules/_egg-logrotator@3.1.0@egg-logrotator/app/schedule/rotate_by_file.js
2020-03-27 18:38:56,599 INFO 70116 [egg-schedule]: register schedule /Users/fengzhihao/Projects/github/edith-backend/node_modules/_egg-multipart@2.10.1@egg-multipart/app/schedule/clean_tmpdir.js
2020-03-27 18:38:56,599 INFO 70116 [egg-schedule]: register schedule /Users/fengzhihao/Projects/github/edith-backend/node_modules/_egg-logrotator@3.1.0@egg-logrotator/app/schedule/clean_log.js
2020-03-27 18:38:56,599 INFO 70116 [egg-schedule]: register schedule /Users/fengzhihao/Projects/github/edith-backend/node_modules/_egg-logrotator@3.1.0@egg-logrotator/app/schedule/rotate_by_file.js
2020-03-27 18:39:24,597 INFO 70140 [egg-schedule]: register schedule /Users/fengzhihao/Projects/github/edith-backend/node_modules/_egg-multipart@2.10.1@egg-multipart/app/schedule/clean_tmpdir.js
2020-03-27 18:39:24,597 INFO 70140 [egg-schedule]: register schedule /Users/fengzhihao/Projects/github/edith-backend/node_modules/_egg-logrotator@3.1.0@egg-logrotator/app/schedule/clean_log.js
2020-03-27 18:39:24,597 INFO 70140 [egg-schedule]: register schedule /Users/fengzhihao/Projects/github/edith-backend/node_modules/_egg-logrotator@3.1.0@egg-logrotator/app/schedule/rotate_by_file.js
2020-03-27 18:39:28,178 INFO 70154 [egg-schedule]: register schedule /Users/fengzhihao/Projects/github/edith-backend/node_modules/_egg-multipart@2.10.1@egg-multipart/app/schedule/clean_tmpdir.js
2020-03-27 18:39:28,178 INFO 70154 [egg-schedule]: register schedule /Users/fengzhihao/Projects/github/edith-backend/node_modules/_egg-logrotator@3.1.0@egg-logrotator/app/schedule/clean_log.js
2020-03-27 18:39:28,178 INFO 70154 [egg-schedule]: register schedule /Users/fengzhihao/Projects/github/edith-backend/node_modules/_egg-logrotator@3.1.0@egg-logrotator/app/schedule/rotate_by_file.js
2020-03-27 18:41:14,399 INFO 70222 [egg-schedule]: register schedule /Users/fengzhihao/Projects/github/edith-backend/node_modules/_egg-multipart@2.10.1@egg-multipart/app/schedule/clean_tmpdir.js
2020-03-27 18:41:14,399 INFO 70222 [egg-schedule]: register schedule /Users/fengzhihao/Projects/github/edith-backend/node_modules/_egg-logrotator@3.1.0@egg-logrotator/app/schedule/clean_log.js
2020-03-27 18:41:14,400 INFO 70222 [egg-schedule]: register schedule /Users/fengzhihao/Projects/github/edith-backend/node_modules/_egg-logrotator@3.1.0@egg-logrotator/app/schedule/rotate_by_file.js
2020-03-27 18:41:43,667 INFO 70249 [egg-schedule]: register schedule /Users/fengzhihao/Projects/github/edith-backend/node_modules/_egg-multipart@2.10.1@egg-multipart/app/schedule/clean_tmpdir.js
2020-03-27 18:41:43,667 INFO 70249 [egg-schedule]: register schedule /Users/fengzhihao/Projects/github/edith-backend/node_modules/_egg-logrotator@3.1.0@egg-logrotator/app/schedule/clean_log.js
2020-03-27 18:41:43,667 INFO 70249 [egg-schedule]: register schedule /Users/fengzhihao/Projects/github/edith-backend/node_modules/_egg-logrotator@3.1.0@egg-logrotator/app/schedule/rotate_by_file.js
2020-03-27 18:45:49,597 INFO 70409 [egg-schedule]: register schedule /Users/fengzhihao/Projects/github/edith-backend/node_modules/_egg-multipart@2.10.1@egg-multipart/app/schedule/clean_tmpdir.js
2020-03-27 18:45:49,597 INFO 70409 [egg-schedule]: register schedule /Users/fengzhihao/Projects/github/edith-backend/node_modules/_egg-logrotator@3.1.0@egg-logrotator/app/schedule/clean_log.js
2020-03-27 18:45:49,597 INFO 70409 [egg-schedule]: register schedule /Users/fengzhihao/Projects/github/edith-backend/node_modules/_egg-logrotator@3.1.0@egg-logrotator/app/schedule/rotate_by_file.js
2020-03-27 18:47:13,514 INFO 70474 [egg-schedule]: register schedule /Users/fengzhihao/Projects/github/edith-backend/node_modules/_egg-multipart@2.10.1@egg-multipart/app/schedule/clean_tmpdir.js
2020-03-27 18:47:13,514 INFO 70474 [egg-schedule]: register schedule /Users/fengzhihao/Projects/github/edith-backend/node_modules/_egg-logrotator@3.1.0@egg-logrotator/app/schedule/clean_log.js
2020-03-27 18:47:13,514 INFO 70474 [egg-schedule]: register schedule /Users/fengzhihao/Projects/github/edith-backend/node_modules/_egg-logrotator@3.1.0@egg-logrotator/app/schedule/rotate_by_file.js
2020-03-27 18:48:27,406 INFO 70542 [egg-schedule]: register schedule /Users/fengzhihao/Projects/github/edith-backend/node_modules/_egg-multipart@2.10.1@egg-multipart/app/schedule/clean_tmpdir.js
2020-03-27 18:48:27,406 INFO 70542 [egg-schedule]: register schedule /Users/fengzhihao/Projects/github/edith-backend/node_modules/_egg-logrotator@3.1.0@egg-logrotator/app/schedule/clean_log.js
2020-03-27 18:48:27,406 INFO 70542 [egg-schedule]: register schedule /Users/fengzhihao/Projects/github/edith-backend/node_modules/_egg-logrotator@3.1.0@egg-logrotator/app/schedule/rotate_by_file.js
2020-03-27 18:48:31,072 INFO 70554 [egg-schedule]: register schedule /Users/fengzhihao/Projects/github/edith-backend/node_modules/_egg-multipart@2.10.1@egg-multipart/app/schedule/clean_tmpdir.js
2020-03-27 18:48:31,072 INFO 70554 [egg-schedule]: register schedule /Users/fengzhihao/Projects/github/edith-backend/node_modules/_egg-logrotator@3.1.0@egg-logrotator/app/schedule/clean_log.js
2020-03-27 18:48:31,072 INFO 70554 [egg-schedule]: register schedule /Users/fengzhihao/Projects/github/edith-backend/node_modules/_egg-logrotator@3.1.0@egg-logrotator/app/schedule/rotate_by_file.js
2020-03-27 18:48:46,784 INFO 70575 [egg-schedule]: register schedule /Users/fengzhihao/Projects/github/edith-backend/node_modules/_egg-multipart@2.10.1@egg-multipart/app/schedule/clean_tmpdir.js
2020-03-27 18:48:46,784 INFO 70575 [egg-schedule]: register schedule /Users/fengzhihao/Projects/github/edith-backend/node_modules/_egg-logrotator@3.1.0@egg-logrotator/app/schedule/clean_log.js
2020-03-27 18:48:46,784 INFO 70575 [egg-schedule]: register schedule /Users/fengzhihao/Projects/github/edith-backend/node_modules/_egg-logrotator@3.1.0@egg-logrotator/app/schedule/rotate_by_file.js
2020-03-27 18:48:52,775 INFO 70588 [egg-schedule]: register schedule /Users/fengzhihao/Projects/github/edith-backend/node_modules/_egg-multipart@2.10.1@egg-multipart/app/schedule/clean_tmpdir.js
2020-03-27 18:48:52,775 INFO 70588 [egg-schedule]: register schedule /Users/fengzhihao/Projects/github/edith-backend/node_modules/_egg-logrotator@3.1.0@egg-logrotator/app/schedule/clean_log.js
2020-03-27 18:48:52,775 INFO 70588 [egg-schedule]: register schedule /Users/fengzhihao/Projects/github/edith-backend/node_modules/_egg-logrotator@3.1.0@egg-logrotator/app/schedule/rotate_by_file.js
2020-03-27 18:51:45,261 INFO 70731 [Timer] /Users/fengzhihao/Projects/github/edith-backend/node_modules/_egg-multipart@2.10.1@egg-multipart/app/schedule/clean_tmpdir.js next time will execute after 34694744ms at 2020-03-28 04:30:00.005
2020-03-27 18:51:45,262 INFO 70731 [Timer] /Users/fengzhihao/Projects/github/edith-backend/node_modules/_egg-logrotator@3.1.0@egg-logrotator/app/schedule/clean_log.js next time will execute after 18494739ms at 2020-03-28 00:00:00.000
2020-03-27 18:51:45,262 INFO 70731 [Timer] /Users/fengzhihao/Projects/github/edith-backend/node_modules/_egg-logrotator@3.1.0@egg-logrotator/app/schedule/rotate_by_file.js next time will execute after 18495738ms at 2020-03-28 00:00:01.000
2020-03-27 18:51:45,032 INFO 70735 [egg-schedule]: register schedule /Users/fengzhihao/Projects/github/edith-backend/node_modules/_egg-multipart@2.10.1@egg-multipart/app/schedule/clean_tmpdir.js
2020-03-27 18:51:45,032 INFO 70735 [egg-schedule]: register schedule /Users/fengzhihao/Projects/github/edith-backend/node_modules/_egg-logrotator@3.1.0@egg-logrotator/app/schedule/clean_log.js
2020-03-27 18:51:45,032 INFO 70735 [egg-schedule]: register schedule /Users/fengzhihao/Projects/github/edith-backend/node_modules/_egg-logrotator@3.1.0@egg-logrotator/app/schedule/rotate_by_file.js
2020-03-27 18:53:30,608 INFO 70800 [egg-schedule]: register schedule /Users/fengzhihao/Projects/github/edith-backend/node_modules/_egg-multipart@2.10.1@egg-multipart/app/schedule/clean_tmpdir.js
2020-03-27 18:53:30,608 INFO 70800 [egg-schedule]: register schedule /Users/fengzhihao/Projects/github/edith-backend/node_modules/_egg-logrotator@3.1.0@egg-logrotator/app/schedule/clean_log.js
2020-03-27 18:53:30,608 INFO 70800 [egg-schedule]: register schedule /Users/fengzhihao/Projects/github/edith-backend/node_modules/_egg-logrotator@3.1.0@egg-logrotator/app/schedule/rotate_by_file.js
2020-03-27 18:53:57,759 INFO 70830 [egg-schedule]: register schedule /Users/fengzhihao/Projects/github/edith-backend/node_modules/_egg-multipart@2.10.1@egg-multipart/app/schedule/clean_tmpdir.js
2020-03-27 18:53:57,759 INFO 70830 [egg-schedule]: register schedule /Users/fengzhihao/Projects/github/edith-backend/node_modules/_egg-logrotator@3.1.0@egg-logrotator/app/schedule/clean_log.js
2020-03-27 18:53:57,759 INFO 70830 [egg-schedule]: register schedule /Users/fengzhihao/Projects/github/edith-backend/node_modules/_egg-logrotator@3.1.0@egg-logrotator/app/schedule/rotate_by_file.js
2020-03-27 18:54:32,481 INFO 70870 [egg-schedule]: register schedule /Users/fengzhihao/Projects/github/edith-backend/node_modules/_egg-multipart@2.10.1@egg-multipart/app/schedule/clean_tmpdir.js
2020-03-27 18:54:32,481 INFO 70870 [egg-schedule]: register schedule /Users/fengzhihao/Projects/github/edith-backend/node_modules/_egg-logrotator@3.1.0@egg-logrotator/app/schedule/clean_log.js
2020-03-27 18:54:32,481 INFO 70870 [egg-schedule]: register schedule /Users/fengzhihao/Projects/github/edith-backend/node_modules/_egg-logrotator@3.1.0@egg-logrotator/app/schedule/rotate_by_file.js
2020-03-27 18:54:39,008 INFO 70895 [egg-schedule]: register schedule /Users/fengzhihao/Projects/github/edith-backend/node_modules/_egg-multipart@2.10.1@egg-multipart/app/schedule/clean_tmpdir.js
2020-03-27 18:54:39,008 INFO 70895 [egg-schedule]: register schedule /Users/fengzhihao/Projects/github/edith-backend/node_modules/_egg-logrotator@3.1.0@egg-logrotator/app/schedule/clean_log.js
2020-03-27 18:54:39,009 INFO 70895 [egg-schedule]: register schedule /Users/fengzhihao/Projects/github/edith-backend/node_modules/_egg-logrotator@3.1.0@egg-logrotator/app/schedule/rotate_by_file.js
2020-03-27 18:56:06,906 INFO 70970 [egg-schedule]: register schedule /Users/fengzhihao/Projects/github/edith-backend/node_modules/_egg-multipart@2.10.1@egg-multipart/app/schedule/clean_tmpdir.js
2020-03-27 18:56:06,906 INFO 70970 [egg-schedule]: register schedule /Users/fengzhihao/Projects/github/edith-backend/node_modules/_egg-logrotator@3.1.0@egg-logrotator/app/schedule/clean_log.js
2020-03-27 18:56:06,906 INFO 70970 [egg-schedule]: register schedule /Users/fengzhihao/Projects/github/edith-backend/node_modules/_egg-logrotator@3.1.0@egg-logrotator/app/schedule/rotate_by_file.js
2020-03-27 18:56:18,973 INFO 70991 [egg-schedule]: register schedule /Users/fengzhihao/Projects/github/edith-backend/node_modules/_egg-multipart@2.10.1@egg-multipart/app/schedule/clean_tmpdir.js
2020-03-27 18:56:18,973 INFO 70991 [egg-schedule]: register schedule /Users/fengzhihao/Projects/github/edith-backend/node_modules/_egg-logrotator@3.1.0@egg-logrotator/app/schedule/clean_log.js
2020-03-27 18:56:18,973 INFO 70991 [egg-schedule]: register schedule /Users/fengzhihao/Projects/github/edith-backend/node_modules/_egg-logrotator@3.1.0@egg-logrotator/app/schedule/rotate_by_file.js
2020-03-27 18:56:31,783 INFO 71005 [egg-schedule]: register schedule /Users/fengzhihao/Projects/github/edith-backend/node_modules/_egg-multipart@2.10.1@egg-multipart/app/schedule/clean_tmpdir.js
2020-03-27 18:56:31,783 INFO 71005 [egg-schedule]: register schedule /Users/fengzhihao/Projects/github/edith-backend/node_modules/_egg-logrotator@3.1.0@egg-logrotator/app/schedule/clean_log.js
2020-03-27 18:56:31,784 INFO 71005 [egg-schedule]: register schedule /Users/fengzhihao/Projects/github/edith-backend/node_modules/_egg-logrotator@3.1.0@egg-logrotator/app/schedule/rotate_by_file.js
2020-03-27 18:56:44,283 INFO 71028 [egg-schedule]: register schedule /Users/fengzhihao/Projects/github/edith-backend/node_modules/_egg-multipart@2.10.1@egg-multipart/app/schedule/clean_tmpdir.js
2020-03-27 18:56:44,283 INFO 71028 [egg-schedule]: register schedule /Users/fengzhihao/Projects/github/edith-backend/node_modules/_egg-logrotator@3.1.0@egg-logrotator/app/schedule/clean_log.js
2020-03-27 18:56:44,283 INFO 71028 [egg-schedule]: register schedule /Users/fengzhihao/Projects/github/edith-backend/node_modules/_egg-logrotator@3.1.0@egg-logrotator/app/schedule/rotate_by_file.js
2020-03-27 18:57:01,960 INFO 71051 [egg-schedule]: register schedule /Users/fengzhihao/Projects/github/edith-backend/node_modules/_egg-multipart@2.10.1@egg-multipart/app/schedule/clean_tmpdir.js
2020-03-27 18:57:01,960 INFO 71051 [egg-schedule]: register schedule /Users/fengzhihao/Projects/github/edith-backend/node_modules/_egg-logrotator@3.1.0@egg-logrotator/app/schedule/clean_log.js
2020-03-27 18:57:01,960 INFO 71051 [egg-schedule]: register schedule /Users/fengzhihao/Projects/github/edith-backend/node_modules/_egg-logrotator@3.1.0@egg-logrotator/app/schedule/rotate_by_file.js
2020-03-27 18:57:11,155 INFO 71068 [egg-schedule]: register schedule /Users/fengzhihao/Projects/github/edith-backend/node_modules/_egg-multipart@2.10.1@egg-multipart/app/schedule/clean_tmpdir.js
2020-03-27 18:57:11,155 INFO 71068 [egg-schedule]: register schedule /Users/fengzhihao/Projects/github/edith-backend/node_modules/_egg-logrotator@3.1.0@egg-logrotator/app/schedule/clean_log.js
2020-03-27 18:57:11,155 INFO 71068 [egg-schedule]: register schedule /Users/fengzhihao/Projects/github/edith-backend/node_modules/_egg-logrotator@3.1.0@egg-logrotator/app/schedule/rotate_by_file.js
2020-03-27 19:00:11,943 INFO 71204 [egg-schedule]: register schedule /Users/fengzhihao/Projects/github/edith-backend/node_modules/_egg-multipart@2.10.1@egg-multipart/app/schedule/clean_tmpdir.js
2020-03-27 19:00:11,943 INFO 71204 [egg-schedule]: register schedule /Users/fengzhihao/Projects/github/edith-backend/node_modules/_egg-logrotator@3.1.0@egg-logrotator/app/schedule/clean_log.js
2020-03-27 19:00:11,943 INFO 71204 [egg-schedule]: register schedule /Users/fengzhihao/Projects/github/edith-backend/node_modules/_egg-logrotator@3.1.0@egg-logrotator/app/schedule/rotate_by_file.js
2020-03-27 19:01:33,296 INFO 71261 [egg-schedule]: register schedule /Users/fengzhihao/Projects/github/edith-backend/node_modules/_egg-multipart@2.10.1@egg-multipart/app/schedule/clean_tmpdir.js
2020-03-27 19:01:33,297 INFO 71261 [egg-schedule]: register schedule /Users/fengzhihao/Projects/github/edith-backend/node_modules/_egg-logrotator@3.1.0@egg-logrotator/app/schedule/clean_log.js
2020-03-27 19:01:33,297 INFO 71261 [egg-schedule]: register schedule /Users/fengzhihao/Projects/github/edith-backend/node_modules/_egg-logrotator@3.1.0@egg-logrotator/app/schedule/rotate_by_file.js
2020-03-27 19:01:59,964 INFO 71287 [egg-schedule]: register schedule /Users/fengzhihao/Projects/github/edith-backend/node_modules/_egg-multipart@2.10.1@egg-multipart/app/schedule/clean_tmpdir.js
2020-03-27 19:01:59,964 INFO 71287 [egg-schedule]: register schedule /Users/fengzhihao/Projects/github/edith-backend/node_modules/_egg-logrotator@3.1.0@egg-logrotator/app/schedule/clean_log.js
2020-03-27 19:01:59,964 INFO 71287 [egg-schedule]: register schedule /Users/fengzhihao/Projects/github/edith-backend/node_modules/_egg-logrotator@3.1.0@egg-logrotator/app/schedule/rotate_by_file.js
2020-03-27 19:02:07,686 INFO 71297 [egg-schedule]: register schedule /Users/fengzhihao/Projects/github/edith-backend/node_modules/_egg-multipart@2.10.1@egg-multipart/app/schedule/clean_tmpdir.js
2020-03-27 19:02:07,686 INFO 71297 [egg-schedule]: register schedule /Users/fengzhihao/Projects/github/edith-backend/node_modules/_egg-logrotator@3.1.0@egg-logrotator/app/schedule/clean_log.js
2020-03-27 19:02:07,686 INFO 71297 [egg-schedule]: register schedule /Users/fengzhihao/Projects/github/edith-backend/node_modules/_egg-logrotator@3.1.0@egg-logrotator/app/schedule/rotate_by_file.js
2020-03-27 19:02:17,715 INFO 71308 [egg-schedule]: register schedule /Users/fengzhihao/Projects/github/edith-backend/node_modules/_egg-multipart@2.10.1@egg-multipart/app/schedule/clean_tmpdir.js
2020-03-27 19:02:17,715 INFO 71308 [egg-schedule]: register schedule /Users/fengzhihao/Projects/github/edith-backend/node_modules/_egg-logrotator@3.1.0@egg-logrotator/app/schedule/clean_log.js
2020-03-27 19:02:17,715 INFO 71308 [egg-schedule]: register schedule /Users/fengzhihao/Projects/github/edith-backend/node_modules/_egg-logrotator@3.1.0@egg-logrotator/app/schedule/rotate_by_file.js
2020-03-27 19:02:48,827 INFO 71337 [egg-schedule]: register schedule /Users/fengzhihao/Projects/github/edith-backend/node_modules/_egg-multipart@2.10.1@egg-multipart/app/schedule/clean_tmpdir.js
2020-03-27 19:02:48,827 INFO 71337 [egg-schedule]: register schedule /Users/fengzhihao/Projects/github/edith-backend/node_modules/_egg-logrotator@3.1.0@egg-logrotator/app/schedule/clean_log.js
2020-03-27 19:02:48,827 INFO 71337 [egg-schedule]: register schedule /Users/fengzhihao/Projects/github/edith-backend/node_modules/_egg-logrotator@3.1.0@egg-logrotator/app/schedule/rotate_by_file.js
2020-03-27 19:03:33,652 INFO 71364 [egg-schedule]: register schedule /Users/fengzhihao/Projects/github/edith-backend/node_modules/_egg-multipart@2.10.1@egg-multipart/app/schedule/clean_tmpdir.js
2020-03-27 19:03:33,652 INFO 71364 [egg-schedule]: register schedule /Users/fengzhihao/Projects/github/edith-backend/node_modules/_egg-logrotator@3.1.0@egg-logrotator/app/schedule/clean_log.js
2020-03-27 19:03:33,652 INFO 71364 [egg-schedule]: register schedule /Users/fengzhihao/Projects/github/edith-backend/node_modules/_egg-logrotator@3.1.0@egg-logrotator/app/schedule/rotate_by_file.js
2020-03-27 19:03:38,897 INFO 71372 [egg-schedule]: register schedule /Users/fengzhihao/Projects/github/edith-backend/node_modules/_egg-multipart@2.10.1@egg-multipart/app/schedule/clean_tmpdir.js
2020-03-27 19:03:38,897 INFO 71372 [egg-schedule]: register schedule /Users/fengzhihao/Projects/github/edith-backend/node_modules/_egg-logrotator@3.1.0@egg-logrotator/app/schedule/clean_log.js
2020-03-27 19:03:38,897 INFO 71372 [egg-schedule]: register schedule /Users/fengzhihao/Projects/github/edith-backend/node_modules/_egg-logrotator@3.1.0@egg-logrotator/app/schedule/rotate_by_file.js
2020-03-27 19:04:49,416 INFO 71451 [egg-schedule]: register schedule /Users/fengzhihao/Projects/github/edith-backend/node_modules/_egg-multipart@2.10.1@egg-multipart/app/schedule/clean_tmpdir.js
2020-03-27 19:04:49,417 INFO 71451 [egg-schedule]: register schedule /Users/fengzhihao/Projects/github/edith-backend/node_modules/_egg-logrotator@3.1.0@egg-logrotator/app/schedule/clean_log.js
2020-03-27 19:04:49,417 INFO 71451 [egg-schedule]: register schedule /Users/fengzhihao/Projects/github/edith-backend/node_modules/_egg-logrotator@3.1.0@egg-logrotator/app/schedule/rotate_by_file.js
2020-03-27 19:07:45,775 INFO 71597 [egg-schedule]: register schedule /Users/fengzhihao/Projects/github/edith-backend/node_modules/_egg-multipart@2.10.1@egg-multipart/app/schedule/clean_tmpdir.js
2020-03-27 19:07:45,775 INFO 71597 [egg-schedule]: register schedule /Users/fengzhihao/Projects/github/edith-backend/node_modules/_egg-logrotator@3.1.0@egg-logrotator/app/schedule/clean_log.js
2020-03-27 19:07:45,775 INFO 71597 [egg-schedule]: register schedule /Users/fengzhihao/Projects/github/edith-backend/node_modules/_egg-logrotator@3.1.0@egg-logrotator/app/schedule/rotate_by_file.js
2020-03-27 19:07:53,877 INFO 71622 [egg-schedule]: register schedule /Users/fengzhihao/Projects/github/edith-backend/node_modules/_egg-multipart@2.10.1@egg-multipart/app/schedule/clean_tmpdir.js
2020-03-27 19:07:53,877 INFO 71622 [egg-schedule]: register schedule /Users/fengzhihao/Projects/github/edith-backend/node_modules/_egg-logrotator@3.1.0@egg-logrotator/app/schedule/clean_log.js
2020-03-27 19:07:53,877 INFO 71622 [egg-schedule]: register schedule /Users/fengzhihao/Projects/github/edith-backend/node_modules/_egg-logrotator@3.1.0@egg-logrotator/app/schedule/rotate_by_file.js
2020-03-27 19:09:10,848 INFO 71695 [egg-schedule]: register schedule /Users/fengzhihao/Projects/github/edith-backend/node_modules/_egg-multipart@2.10.1@egg-multipart/app/schedule/clean_tmpdir.js
2020-03-27 19:09:10,848 INFO 71695 [egg-schedule]: register schedule /Users/fengzhihao/Projects/github/edith-backend/node_modules/_egg-logrotator@3.1.0@egg-logrotator/app/schedule/clean_log.js
2020-03-27 19:09:10,848 INFO 71695 [egg-schedule]: register schedule /Users/fengzhihao/Projects/github/edith-backend/node_modules/_egg-logrotator@3.1.0@egg-logrotator/app/schedule/rotate_by_file.js
2020-03-27 19:09:18,168 INFO 71705 [egg-schedule]: register schedule /Users/fengzhihao/Projects/github/edith-backend/node_modules/_egg-multipart@2.10.1@egg-multipart/app/schedule/clean_tmpdir.js
2020-03-27 19:09:18,168 INFO 71705 [egg-schedule]: register schedule /Users/fengzhihao/Projects/github/edith-backend/node_modules/_egg-logrotator@3.1.0@egg-logrotator/app/schedule/clean_log.js
2020-03-27 19:09:18,168 INFO 71705 [egg-schedule]: register schedule /Users/fengzhihao/Projects/github/edith-backend/node_modules/_egg-logrotator@3.1.0@egg-logrotator/app/schedule/rotate_by_file.js
2020-03-27 19:09:33,955 INFO 71727 [egg-schedule]: register schedule /Users/fengzhihao/Projects/github/edith-backend/node_modules/_egg-multipart@2.10.1@egg-multipart/app/schedule/clean_tmpdir.js
2020-03-27 19:09:33,955 INFO 71727 [egg-schedule]: register schedule /Users/fengzhihao/Projects/github/edith-backend/node_modules/_egg-logrotator@3.1.0@egg-logrotator/app/schedule/clean_log.js
2020-03-27 19:09:33,955 INFO 71727 [egg-schedule]: register schedule /Users/fengzhihao/Projects/github/edith-backend/node_modules/_egg-logrotator@3.1.0@egg-logrotator/app/schedule/rotate_by_file.js
2020-03-27 19:10:01,085 INFO 71762 [egg-schedule]: register schedule /Users/fengzhihao/Projects/github/edith-backend/node_modules/_egg-multipart@2.10.1@egg-multipart/app/schedule/clean_tmpdir.js
2020-03-27 19:10:01,085 INFO 71762 [egg-schedule]: register schedule /Users/fengzhihao/Projects/github/edith-backend/node_modules/_egg-logrotator@3.1.0@egg-logrotator/app/schedule/clean_log.js
2020-03-27 19:10:01,085 INFO 71762 [egg-schedule]: register schedule /Users/fengzhihao/Projects/github/edith-backend/node_modules/_egg-logrotator@3.1.0@egg-logrotator/app/schedule/rotate_by_file.js
2020-03-27 19:10:09,703 INFO 71786 [egg-schedule]: register schedule /Users/fengzhihao/Projects/github/edith-backend/node_modules/_egg-multipart@2.10.1@egg-multipart/app/schedule/clean_tmpdir.js
2020-03-27 19:10:09,703 INFO 71786 [egg-schedule]: register schedule /Users/fengzhihao/Projects/github/edith-backend/node_modules/_egg-logrotator@3.1.0@egg-logrotator/app/schedule/clean_log.js
2020-03-27 19:10:09,703 INFO 71786 [egg-schedule]: register schedule /Users/fengzhihao/Projects/github/edith-backend/node_modules/_egg-logrotator@3.1.0@egg-logrotator/app/schedule/rotate_by_file.js
2020-03-27 19:10:33,073 INFO 71815 [egg-schedule]: register schedule /Users/fengzhihao/Projects/github/edith-backend/node_modules/_egg-multipart@2.10.1@egg-multipart/app/schedule/clean_tmpdir.js
2020-03-27 19:10:33,073 INFO 71815 [egg-schedule]: register schedule /Users/fengzhihao/Projects/github/edith-backend/node_modules/_egg-logrotator@3.1.0@egg-logrotator/app/schedule/clean_log.js
2020-03-27 19:10:33,073 INFO 71815 [egg-schedule]: register schedule /Users/fengzhihao/Projects/github/edith-backend/node_modules/_egg-logrotator@3.1.0@egg-logrotator/app/schedule/rotate_by_file.js
2020-03-27 19:10:35,135 INFO 71821 [egg-schedule]: register schedule /Users/fengzhihao/Projects/github/edith-backend/node_modules/_egg-multipart@2.10.1@egg-multipart/app/schedule/clean_tmpdir.js
2020-03-27 19:10:35,135 INFO 71821 [egg-schedule]: register schedule /Users/fengzhihao/Projects/github/edith-backend/node_modules/_egg-logrotator@3.1.0@egg-logrotator/app/schedule/clean_log.js
2020-03-27 19:10:35,135 INFO 71821 [egg-schedule]: register schedule /Users/fengzhihao/Projects/github/edith-backend/node_modules/_egg-logrotator@3.1.0@egg-logrotator/app/schedule/rotate_by_file.js
2020-03-27 19:12:40,010 INFO 71907 [egg-schedule]: register schedule /Users/fengzhihao/Projects/github/edith-backend/node_modules/_egg-multipart@2.10.1@egg-multipart/app/schedule/clean_tmpdir.js
2020-03-27 19:12:40,010 INFO 71907 [egg-schedule]: register schedule /Users/fengzhihao/Projects/github/edith-backend/node_modules/_egg-logrotator@3.1.0@egg-logrotator/app/schedule/clean_log.js
2020-03-27 19:12:40,010 INFO 71907 [egg-schedule]: register schedule /Users/fengzhihao/Projects/github/edith-backend/node_modules/_egg-logrotator@3.1.0@egg-logrotator/app/schedule/rotate_by_file.js
2020-03-27 19:13:17,234 INFO 71936 [egg-schedule]: register schedule /Users/fengzhihao/Projects/github/edith-backend/node_modules/_egg-multipart@2.10.1@egg-multipart/app/schedule/clean_tmpdir.js
2020-03-27 19:13:17,234 INFO 71936 [egg-schedule]: register schedule /Users/fengzhihao/Projects/github/edith-backend/node_modules/_egg-logrotator@3.1.0@egg-logrotator/app/schedule/clean_log.js
2020-03-27 19:13:17,234 INFO 71936 [egg-schedule]: register schedule /Users/fengzhihao/Projects/github/edith-backend/node_modules/_egg-logrotator@3.1.0@egg-logrotator/app/schedule/rotate_by_file.js
2020-03-27 19:13:54,126 INFO 71967 [egg-schedule]: register schedule /Users/fengzhihao/Projects/github/edith-backend/node_modules/_egg-multipart@2.10.1@egg-multipart/app/schedule/clean_tmpdir.js
2020-03-27 19:13:54,126 INFO 71967 [egg-schedule]: register schedule /Users/fengzhihao/Projects/github/edith-backend/node_modules/_egg-logrotator@3.1.0@egg-logrotator/app/schedule/clean_log.js
2020-03-27 19:13:54,126 INFO 71967 [egg-schedule]: register schedule /Users/fengzhihao/Projects/github/edith-backend/node_modules/_egg-logrotator@3.1.0@egg-logrotator/app/schedule/rotate_by_file.js
2020-03-27 19:15:52,879 INFO 72090 [egg-schedule]: register schedule /Users/fengzhihao/Projects/github/edith-backend/node_modules/_egg-multipart@2.10.1@egg-multipart/app/schedule/clean_tmpdir.js
2020-03-27 19:15:52,879 INFO 72090 [egg-schedule]: register schedule /Users/fengzhihao/Projects/github/edith-backend/node_modules/_egg-logrotator@3.1.0@egg-logrotator/app/schedule/clean_log.js
2020-03-27 19:15:52,879 INFO 72090 [egg-schedule]: register schedule /Users/fengzhihao/Projects/github/edith-backend/node_modules/_egg-logrotator@3.1.0@egg-logrotator/app/schedule/rotate_by_file.js
2020-03-27 19:16:12,854 INFO 72104 [egg-schedule]: register schedule /Users/fengzhihao/Projects/github/edith-backend/node_modules/_egg-multipart@2.10.1@egg-multipart/app/schedule/clean_tmpdir.js
2020-03-27 19:16:12,854 INFO 72104 [egg-schedule]: register schedule /Users/fengzhihao/Projects/github/edith-backend/node_modules/_egg-logrotator@3.1.0@egg-logrotator/app/schedule/clean_log.js
2020-03-27 19:16:12,854 INFO 72104 [egg-schedule]: register schedule /Users/fengzhihao/Projects/github/edith-backend/node_modules/_egg-logrotator@3.1.0@egg-logrotator/app/schedule/rotate_by_file.js
2020-03-27 19:16:20,717 INFO 72112 [egg-schedule]: register schedule /Users/fengzhihao/Projects/github/edith-backend/node_modules/_egg-multipart@2.10.1@egg-multipart/app/schedule/clean_tmpdir.js
2020-03-27 19:16:20,717 INFO 72112 [egg-schedule]: register schedule /Users/fengzhihao/Projects/github/edith-backend/node_modules/_egg-logrotator@3.1.0@egg-logrotator/app/schedule/clean_log.js
2020-03-27 19:16:20,717 INFO 72112 [egg-schedule]: register schedule /Users/fengzhihao/Projects/github/edith-backend/node_modules/_egg-logrotator@3.1.0@egg-logrotator/app/schedule/rotate_by_file.js
2020-03-27 19:19:44,885 INFO 72271 [egg-schedule]: register schedule /Users/fengzhihao/Projects/github/edith-backend/node_modules/_egg-multipart@2.10.1@egg-multipart/app/schedule/clean_tmpdir.js
2020-03-27 19:19:44,885 INFO 72271 [egg-schedule]: register schedule /Users/fengzhihao/Projects/github/edith-backend/node_modules/_egg-logrotator@3.1.0@egg-logrotator/app/schedule/clean_log.js
2020-03-27 19:19:44,885 INFO 72271 [egg-schedule]: register schedule /Users/fengzhihao/Projects/github/edith-backend/node_modules/_egg-logrotator@3.1.0@egg-logrotator/app/schedule/rotate_by_file.js
2020-03-27 19:21:04,667 INFO 72342 [egg-schedule]: register schedule /Users/fengzhihao/Projects/github/edith-backend/node_modules/_egg-multipart@2.10.1@egg-multipart/app/schedule/clean_tmpdir.js
2020-03-27 19:21:04,667 INFO 72342 [egg-schedule]: register schedule /Users/fengzhihao/Projects/github/edith-backend/node_modules/_egg-logrotator@3.1.0@egg-logrotator/app/schedule/clean_log.js
2020-03-27 19:21:04,667 INFO 72342 [egg-schedule]: register schedule /Users/fengzhihao/Projects/github/edith-backend/node_modules/_egg-logrotator@3.1.0@egg-logrotator/app/schedule/rotate_by_file.js
2020-03-27 19:21:31,595 INFO 72359 [egg-schedule]: register schedule /Users/fengzhihao/Projects/github/edith-backend/node_modules/_egg-multipart@2.10.1@egg-multipart/app/schedule/clean_tmpdir.js
2020-03-27 19:21:31,595 INFO 72359 [egg-schedule]: register schedule /Users/fengzhihao/Projects/github/edith-backend/node_modules/_egg-logrotator@3.1.0@egg-logrotator/app/schedule/clean_log.js
2020-03-27 19:21:31,595 INFO 72359 [egg-schedule]: register schedule /Users/fengzhihao/Projects/github/edith-backend/node_modules/_egg-logrotator@3.1.0@egg-logrotator/app/schedule/rotate_by_file.js
2020-03-27 19:23:11,001 INFO 72453 [egg-schedule]: register schedule /Users/fengzhihao/Projects/github/edith-backend/node_modules/_egg-multipart@2.10.1@egg-multipart/app/schedule/clean_tmpdir.js
2020-03-27 19:23:11,001 INFO 72453 [egg-schedule]: register schedule /Users/fengzhihao/Projects/github/edith-backend/node_modules/_egg-logrotator@3.1.0@egg-logrotator/app/schedule/clean_log.js
2020-03-27 19:23:11,001 INFO 72453 [egg-schedule]: register schedule /Users/fengzhihao/Projects/github/edith-backend/node_modules/_egg-logrotator@3.1.0@egg-logrotator/app/schedule/rotate_by_file.js
2020-03-27 19:23:33,524 INFO 72478 [egg-schedule]: register schedule /Users/fengzhihao/Projects/github/edith-backend/node_modules/_egg-multipart@2.10.1@egg-multipart/app/schedule/clean_tmpdir.js
2020-03-27 19:23:33,524 INFO 72478 [egg-schedule]: register schedule /Users/fengzhihao/Projects/github/edith-backend/node_modules/_egg-logrotator@3.1.0@egg-logrotator/app/schedule/clean_log.js
2020-03-27 19:23:33,524 INFO 72478 [egg-schedule]: register schedule /Users/fengzhihao/Projects/github/edith-backend/node_modules/_egg-logrotator@3.1.0@egg-logrotator/app/schedule/rotate_by_file.js
2020-03-27 19:24:43,790 INFO 72540 [egg-schedule]: register schedule /Users/fengzhihao/Projects/github/edith-backend/node_modules/_egg-multipart@2.10.1@egg-multipart/app/schedule/clean_tmpdir.js
2020-03-27 19:24:43,790 INFO 72540 [egg-schedule]: register schedule /Users/fengzhihao/Projects/github/edith-backend/node_modules/_egg-logrotator@3.1.0@egg-logrotator/app/schedule/clean_log.js
2020-03-27 19:24:43,791 INFO 72540 [egg-schedule]: register schedule /Users/fengzhihao/Projects/github/edith-backend/node_modules/_egg-logrotator@3.1.0@egg-logrotator/app/schedule/rotate_by_file.js
2020-03-27 19:24:53,438 INFO 72558 [egg-schedule]: register schedule /Users/fengzhihao/Projects/github/edith-backend/node_modules/_egg-multipart@2.10.1@egg-multipart/app/schedule/clean_tmpdir.js
2020-03-27 19:24:53,438 INFO 72558 [egg-schedule]: register schedule /Users/fengzhihao/Projects/github/edith-backend/node_modules/_egg-logrotator@3.1.0@egg-logrotator/app/schedule/clean_log.js
2020-03-27 19:24:53,438 INFO 72558 [egg-schedule]: register schedule /Users/fengzhihao/Projects/github/edith-backend/node_modules/_egg-logrotator@3.1.0@egg-logrotator/app/schedule/rotate_by_file.js
2020-03-27 19:24:59,876 INFO 72571 [egg-schedule]: register schedule /Users/fengzhihao/Projects/github/edith-backend/node_modules/_egg-multipart@2.10.1@egg-multipart/app/schedule/clean_tmpdir.js
2020-03-27 19:24:59,876 INFO 72571 [egg-schedule]: register schedule /Users/fengzhihao/Projects/github/edith-backend/node_modules/_egg-logrotator@3.1.0@egg-logrotator/app/schedule/clean_log.js
2020-03-27 19:24:59,876 INFO 72571 [egg-schedule]: register schedule /Users/fengzhihao/Projects/github/edith-backend/node_modules/_egg-logrotator@3.1.0@egg-logrotator/app/schedule/rotate_by_file.js
2020-03-27 19:25:37,037 INFO 72607 [egg-schedule]: register schedule /Users/fengzhihao/Projects/github/edith-backend/node_modules/_egg-multipart@2.10.1@egg-multipart/app/schedule/clean_tmpdir.js
2020-03-27 19:25:37,037 INFO 72607 [egg-schedule]: register schedule /Users/fengzhihao/Projects/github/edith-backend/node_modules/_egg-logrotator@3.1.0@egg-logrotator/app/schedule/clean_log.js
2020-03-27 19:25:37,037 INFO 72607 [egg-schedule]: register schedule /Users/fengzhihao/Projects/github/edith-backend/node_modules/_egg-logrotator@3.1.0@egg-logrotator/app/schedule/rotate_by_file.js
2020-03-27 19:26:04,270 INFO 72654 [egg-schedule]: register schedule /Users/fengzhihao/Projects/github/edith-backend/node_modules/_egg-multipart@2.10.1@egg-multipart/app/schedule/clean_tmpdir.js
2020-03-27 19:26:04,270 INFO 72654 [egg-schedule]: register schedule /Users/fengzhihao/Projects/github/edith-backend/node_modules/_egg-logrotator@3.1.0@egg-logrotator/app/schedule/clean_log.js
2020-03-27 19:26:04,270 INFO 72654 [egg-schedule]: register schedule /Users/fengzhihao/Projects/github/edith-backend/node_modules/_egg-logrotator@3.1.0@egg-logrotator/app/schedule/rotate_by_file.js
2020-03-27 19:26:18,629 INFO 72679 [egg-schedule]: register schedule /Users/fengzhihao/Projects/github/edith-backend/node_modules/_egg-multipart@2.10.1@egg-multipart/app/schedule/clean_tmpdir.js
2020-03-27 19:26:18,629 INFO 72679 [egg-schedule]: register schedule /Users/fengzhihao/Projects/github/edith-backend/node_modules/_egg-logrotator@3.1.0@egg-logrotator/app/schedule/clean_log.js
2020-03-27 19:26:18,630 INFO 72679 [egg-schedule]: register schedule /Users/fengzhihao/Projects/github/edith-backend/node_modules/_egg-logrotator@3.1.0@egg-logrotator/app/schedule/rotate_by_file.js
2020-03-27 19:26:23,529 INFO 72686 [egg-schedule]: register schedule /Users/fengzhihao/Projects/github/edith-backend/node_modules/_egg-multipart@2.10.1@egg-multipart/app/schedule/clean_tmpdir.js
2020-03-27 19:26:23,529 INFO 72686 [egg-schedule]: register schedule /Users/fengzhihao/Projects/github/edith-backend/node_modules/_egg-logrotator@3.1.0@egg-logrotator/app/schedule/clean_log.js
2020-03-27 19:26:23,529 INFO 72686 [egg-schedule]: register schedule /Users/fengzhihao/Projects/github/edith-backend/node_modules/_egg-logrotator@3.1.0@egg-logrotator/app/schedule/rotate_by_file.js
2020-03-27 19:29:18,596 INFO 72832 [egg-schedule]: register schedule /Users/fengzhihao/Projects/github/edith-backend/node_modules/_egg-multipart@2.10.1@egg-multipart/app/schedule/clean_tmpdir.js
2020-03-27 19:29:18,596 INFO 72832 [egg-schedule]: register schedule /Users/fengzhihao/Projects/github/edith-backend/node_modules/_egg-logrotator@3.1.0@egg-logrotator/app/schedule/clean_log.js
2020-03-27 19:29:18,597 INFO 72832 [egg-schedule]: register schedule /Users/fengzhihao/Projects/github/edith-backend/node_modules/_egg-logrotator@3.1.0@egg-logrotator/app/schedule/rotate_by_file.js
2020-03-27 19:29:23,605 INFO 72840 [egg-schedule]: register schedule /Users/fengzhihao/Projects/github/edith-backend/node_modules/_egg-multipart@2.10.1@egg-multipart/app/schedule/clean_tmpdir.js
2020-03-27 19:29:23,605 INFO 72840 [egg-schedule]: register schedule /Users/fengzhihao/Projects/github/edith-backend/node_modules/_egg-logrotator@3.1.0@egg-logrotator/app/schedule/clean_log.js
2020-03-27 19:29:23,605 INFO 72840 [egg-schedule]: register schedule /Users/fengzhihao/Projects/github/edith-backend/node_modules/_egg-logrotator@3.1.0@egg-logrotator/app/schedule/rotate_by_file.js
2020-03-27 19:33:41,534 INFO 73027 [egg-schedule]: register schedule /Users/fengzhihao/Projects/github/edith-backend/node_modules/_egg-multipart@2.10.1@egg-multipart/app/schedule/clean_tmpdir.js
2020-03-27 19:33:41,534 INFO 73027 [egg-schedule]: register schedule /Users/fengzhihao/Projects/github/edith-backend/node_modules/_egg-logrotator@3.1.0@egg-logrotator/app/schedule/clean_log.js
2020-03-27 19:33:41,534 INFO 73027 [egg-schedule]: register schedule /Users/fengzhihao/Projects/github/edith-backend/node_modules/_egg-logrotator@3.1.0@egg-logrotator/app/schedule/rotate_by_file.js
2020-03-27 19:37:34,468 INFO 73218 [egg-schedule]: register schedule /Users/fengzhihao/Projects/github/edith-backend/node_modules/_egg-multipart@2.10.1@egg-multipart/app/schedule/clean_tmpdir.js
2020-03-27 19:37:34,468 INFO 73218 [egg-schedule]: register schedule /Users/fengzhihao/Projects/github/edith-backend/node_modules/_egg-logrotator@3.1.0@egg-logrotator/app/schedule/clean_log.js
2020-03-27 19:37:34,468 INFO 73218 [egg-schedule]: register schedule /Users/fengzhihao/Projects/github/edith-backend/node_modules/_egg-logrotator@3.1.0@egg-logrotator/app/schedule/rotate_by_file.js
2020-03-27 19:37:44,258 INFO 73241 [egg-schedule]: register schedule /Users/fengzhihao/Projects/github/edith-backend/node_modules/_egg-multipart@2.10.1@egg-multipart/app/schedule/clean_tmpdir.js
2020-03-27 19:37:44,258 INFO 73241 [egg-schedule]: register schedule /Users/fengzhihao/Projects/github/edith-backend/node_modules/_egg-logrotator@3.1.0@egg-logrotator/app/schedule/clean_log.js
2020-03-27 19:37:44,258 INFO 73241 [egg-schedule]: register schedule /Users/fengzhihao/Projects/github/edith-backend/node_modules/_egg-logrotator@3.1.0@egg-logrotator/app/schedule/rotate_by_file.js
2020-03-27 19:38:38,420 INFO 73294 [egg-schedule]: register schedule /Users/fengzhihao/Projects/github/edith-backend/node_modules/_egg-multipart@2.10.1@egg-multipart/app/schedule/clean_tmpdir.js
2020-03-27 19:38:38,420 INFO 73294 [egg-schedule]: register schedule /Users/fengzhihao/Projects/github/edith-backend/node_modules/_egg-logrotator@3.1.0@egg-logrotator/app/schedule/clean_log.js
2020-03-27 19:38:38,420 INFO 73294 [egg-schedule]: register schedule /Users/fengzhihao/Projects/github/edith-backend/node_modules/_egg-logrotator@3.1.0@egg-logrotator/app/schedule/rotate_by_file.js
2020-03-27 19:41:51,396 INFO 73521 [egg-schedule]: register schedule /Users/fengzhihao/Projects/github/edith-backend/node_modules/_egg-multipart@2.10.1@egg-multipart/app/schedule/clean_tmpdir.js
2020-03-27 19:41:51,396 INFO 73521 [egg-schedule]: register schedule /Users/fengzhihao/Projects/github/edith-backend/node_modules/_egg-logrotator@3.1.0@egg-logrotator/app/schedule/clean_log.js
2020-03-27 19:41:51,396 INFO 73521 [egg-schedule]: register schedule /Users/fengzhihao/Projects/github/edith-backend/node_modules/_egg-logrotator@3.1.0@egg-logrotator/app/schedule/rotate_by_file.js
2020-03-27 19:41:51,630 INFO 73517 [Timer] /Users/fengzhihao/Projects/github/edith-backend/node_modules/_egg-multipart@2.10.1@egg-multipart/app/schedule/clean_tmpdir.js next time will execute after 31688373ms at 2020-03-28 04:30:00.003
2020-03-27 19:41:51,631 INFO 73517 [Timer] /Users/fengzhihao/Projects/github/edith-backend/node_modules/_egg-logrotator@3.1.0@egg-logrotator/app/schedule/clean_log.js next time will execute after 15488369ms at 2020-03-28 00:00:00.000
2020-03-27 19:41:51,631 INFO 73517 [Timer] /Users/fengzhihao/Projects/github/edith-backend/node_modules/_egg-logrotator@3.1.0@egg-logrotator/app/schedule/rotate_by_file.js next time will execute after 15489369ms at 2020-03-28 00:00:01.000
2020-03-27 22:09:41,944 INFO 1410 [Timer] /Users/fengzhihao/Projects/github/edith-backend/node_modules/_egg-multipart@2.10.1@egg-multipart/app/schedule/clean_tmpdir.js next time will execute after 22818061ms at 2020-03-28 04:30:00.005
2020-03-27 22:09:41,944 INFO 1410 [Timer] /Users/fengzhihao/Projects/github/edith-backend/node_modules/_egg-logrotator@3.1.0@egg-logrotator/app/schedule/clean_log.js next time will execute after 6618056ms at 2020-03-28 00:00:00.000
2020-03-27 22:09:41,945 INFO 1410 [Timer] /Users/fengzhihao/Projects/github/edith-backend/node_modules/_egg-logrotator@3.1.0@egg-logrotator/app/schedule/rotate_by_file.js next time will execute after 6619056ms at 2020-03-28 00:00:01.001
2020-03-27 22:09:41,614 INFO 1448 [egg-schedule]: register schedule /Users/fengzhihao/Projects/github/edith-backend/node_modules/_egg-multipart@2.10.1@egg-multipart/app/schedule/clean_tmpdir.js
2020-03-27 22:09:41,614 INFO 1448 [egg-schedule]: register schedule /Users/fengzhihao/Projects/github/edith-backend/node_modules/_egg-logrotator@3.1.0@egg-logrotator/app/schedule/clean_log.js
2020-03-27 22:09:41,614 INFO 1448 [egg-schedule]: register schedule /Users/fengzhihao/Projects/github/edith-backend/node_modules/_egg-logrotator@3.1.0@egg-logrotator/app/schedule/rotate_by_file.js
