2020-03-27 18:56:21,496 ERROR 70991 [-/::1/-/8ms GET /api/] nodejs.TypeError: Cannot read property 'dd' of undefined
    at ApiController.index (/Users/fengzhihao/Projects/github/edith-backend/app/controller/combinations.ts:6:11)
    at Object.callFn (/Users/fengzhihao/Projects/github/edith-backend/node_modules/_egg-core@4.17.4@egg-core/lib/utils/index.js:44:21)
    at Object.classControllerMiddleware (/Users/fengzhihao/Projects/github/edith-backend/node_modules/_egg-core@4.17.4@egg-core/lib/loader/mixin/controller.js:87:20)
    at Object.callFn (/Users/fengzhihao/Projects/github/edith-backend/node_modules/_@eggjs_router@2.0.0@@eggjs/router/lib/utils.js:12:21)
    at wrappedController (/Users/fengzhihao/Projects/github/edith-backend/node_modules/_@eggjs_router@2.0.0@@eggjs/router/lib/egg_router.js:322:18)
    at dispatch (/Users/fengzhihao/Projects/github/edith-backend/node_modules/_koa-compose@3.2.1@koa-compose/index.js:44:32)
    at next (/Users/fengzhihao/Projects/github/edith-backend/node_modules/_koa-compose@3.2.1@koa-compose/index.js:45:18)
    at /Users/fengzhihao/Projects/github/edith-backend/node_modules/_@eggjs_router@2.0.0@@eggjs/router/lib/router.js:190:18
    at dispatch (/Users/fengzhihao/Projects/github/edith-backend/node_modules/_koa-compose@3.2.1@koa-compose/index.js:44:32)
    at /Users/fengzhihao/Projects/github/edith-backend/node_modules/_koa-compose@3.2.1@koa-compose/index.js:36:12

pid: 70991
hostname: hzzdemac-mini.local

2020-03-27 18:56:21,683 ERROR 70991 [-/::1/-/0ms GET /api/] nodejs.TypeError: Cannot read property 'dd' of undefined
    at ApiController.index (/Users/fengzhihao/Projects/github/edith-backend/app/controller/combinations.ts:6:11)
    at Object.callFn (/Users/fengzhihao/Projects/github/edith-backend/node_modules/_egg-core@4.17.4@egg-core/lib/utils/index.js:44:21)
    at Object.classControllerMiddleware (/Users/fengzhihao/Projects/github/edith-backend/node_modules/_egg-core@4.17.4@egg-core/lib/loader/mixin/controller.js:87:20)
    at Object.callFn (/Users/fengzhihao/Projects/github/edith-backend/node_modules/_@eggjs_router@2.0.0@@eggjs/router/lib/utils.js:12:21)
    at wrappedController (/Users/fengzhihao/Projects/github/edith-backend/node_modules/_@eggjs_router@2.0.0@@eggjs/router/lib/egg_router.js:322:18)
    at dispatch (/Users/fengzhihao/Projects/github/edith-backend/node_modules/_koa-compose@3.2.1@koa-compose/index.js:44:32)
    at next (/Users/fengzhihao/Projects/github/edith-backend/node_modules/_koa-compose@3.2.1@koa-compose/index.js:45:18)
    at /Users/fengzhihao/Projects/github/edith-backend/node_modules/_@eggjs_router@2.0.0@@eggjs/router/lib/router.js:190:18
    at dispatch (/Users/fengzhihao/Projects/github/edith-backend/node_modules/_koa-compose@3.2.1@koa-compose/index.js:44:32)
    at /Users/fengzhihao/Projects/github/edith-backend/node_modules/_koa-compose@3.2.1@koa-compose/index.js:36:12

pid: 70991
hostname: hzzdemac-mini.local

2020-03-27 18:56:21,872 ERROR 70991 [-/::1/-/0ms GET /api/] nodejs.TypeError: Cannot read property 'dd' of undefined
    at ApiController.index (/Users/fengzhihao/Projects/github/edith-backend/app/controller/combinations.ts:6:11)
    at Object.callFn (/Users/fengzhihao/Projects/github/edith-backend/node_modules/_egg-core@4.17.4@egg-core/lib/utils/index.js:44:21)
    at Object.classControllerMiddleware (/Users/fengzhihao/Projects/github/edith-backend/node_modules/_egg-core@4.17.4@egg-core/lib/loader/mixin/controller.js:87:20)
    at Object.callFn (/Users/fengzhihao/Projects/github/edith-backend/node_modules/_@eggjs_router@2.0.0@@eggjs/router/lib/utils.js:12:21)
    at wrappedController (/Users/fengzhihao/Projects/github/edith-backend/node_modules/_@eggjs_router@2.0.0@@eggjs/router/lib/egg_router.js:322:18)
    at dispatch (/Users/fengzhihao/Projects/github/edith-backend/node_modules/_koa-compose@3.2.1@koa-compose/index.js:44:32)
    at next (/Users/fengzhihao/Projects/github/edith-backend/node_modules/_koa-compose@3.2.1@koa-compose/index.js:45:18)
    at /Users/fengzhihao/Projects/github/edith-backend/node_modules/_@eggjs_router@2.0.0@@eggjs/router/lib/router.js:190:18
    at dispatch (/Users/fengzhihao/Projects/github/edith-backend/node_modules/_koa-compose@3.2.1@koa-compose/index.js:44:32)
    at /Users/fengzhihao/Projects/github/edith-backend/node_modules/_koa-compose@3.2.1@koa-compose/index.js:36:12

pid: 70991
hostname: hzzdemac-mini.local

2020-03-27 19:04:52,817 ERROR 71451 [-/::1/-/41ms GET /api/v2/topics/] nodejs.TypeError: Cannot set property 'body' of undefined
    at Helper.exports.success (/Users/fengzhihao/Projects/github/edith-backend/app/extend/helper.ts:8:11)
    at TopicController.index (/Users/fengzhihao/Projects/github/edith-backend/app/controller/topics.ts:25:16)
    at Object.callFn (/Users/fengzhihao/Projects/github/edith-backend/node_modules/_egg-core@4.17.4@egg-core/lib/utils/index.js:44:21)
    at Object.classControllerMiddleware (/Users/fengzhihao/Projects/github/edith-backend/node_modules/_egg-core@4.17.4@egg-core/lib/loader/mixin/controller.js:87:20)
    at Object.callFn (/Users/fengzhihao/Projects/github/edith-backend/node_modules/_@eggjs_router@2.0.0@@eggjs/router/lib/utils.js:12:21)
    at wrappedController (/Users/fengzhihao/Projects/github/edith-backend/node_modules/_@eggjs_router@2.0.0@@eggjs/router/lib/egg_router.js:322:18)
    at dispatch (/Users/fengzhihao/Projects/github/edith-backend/node_modules/_koa-compose@3.2.1@koa-compose/index.js:44:32)
    at next (/Users/fengzhihao/Projects/github/edith-backend/node_modules/_koa-compose@3.2.1@koa-compose/index.js:45:18)
    at /Users/fengzhihao/Projects/github/edith-backend/node_modules/_@eggjs_router@2.0.0@@eggjs/router/lib/router.js:190:18
    at dispatch (/Users/fengzhihao/Projects/github/edith-backend/node_modules/_koa-compose@3.2.1@koa-compose/index.js:44:32)

pid: 71451
hostname: hzzdemac-mini.local

2020-03-27 19:07:54,657 ERROR 71597 [-/::1/-/9ms GET /api/v2/topics/] nodejs.TypeError: Cannot set property 'body' of undefined
    at Helper.exports.success (/Users/fengzhihao/Projects/github/edith-backend/app/extend/helper.ts:8:11)
    at TopicController.index (/Users/fengzhihao/Projects/github/edith-backend/app/controller/topics.ts:25:16)
    at Object.callFn (/Users/fengzhihao/Projects/github/edith-backend/node_modules/_egg-core@4.17.4@egg-core/lib/utils/index.js:44:21)
    at Object.classControllerMiddleware (/Users/fengzhihao/Projects/github/edith-backend/node_modules/_egg-core@4.17.4@egg-core/lib/loader/mixin/controller.js:87:20)
    at Object.callFn (/Users/fengzhihao/Projects/github/edith-backend/node_modules/_@eggjs_router@2.0.0@@eggjs/router/lib/utils.js:12:21)
    at wrappedController (/Users/fengzhihao/Projects/github/edith-backend/node_modules/_@eggjs_router@2.0.0@@eggjs/router/lib/egg_router.js:322:18)
    at dispatch (/Users/fengzhihao/Projects/github/edith-backend/node_modules/_koa-compose@3.2.1@koa-compose/index.js:44:32)
    at next (/Users/fengzhihao/Projects/github/edith-backend/node_modules/_koa-compose@3.2.1@koa-compose/index.js:45:18)
    at /Users/fengzhihao/Projects/github/edith-backend/node_modules/_@eggjs_router@2.0.0@@eggjs/router/lib/router.js:190:18
    at dispatch (/Users/fengzhihao/Projects/github/edith-backend/node_modules/_koa-compose@3.2.1@koa-compose/index.js:44:32)

pid: 71597
hostname: hzzdemac-mini.local

2020-03-27 19:23:19,396 ERROR 72453 [-/::1/-/9ms GET /api/v2/combinations] nodejs.TypeError: ctx.header.success is not a function
    at ApiController.index (/Users/fengzhihao/Projects/github/edith-backend/app/controller/combinations.ts:7:16)
    at <anonymous>
    at process._tickCallback (internal/process/next_tick.js:188:7)

pid: 72453
hostname: hzzdemac-mini.local

2020-03-27 19:23:34,383 ERROR 72453 [-/::1/-/2ms GET /api/v2/combinations] nodejs.TypeError: ctx.header.success is not a function
    at ApiController.index (/Users/fengzhihao/Projects/github/edith-backend/app/controller/combinations.ts:7:16)
    at <anonymous>
    at process._tickCallback (internal/process/next_tick.js:188:7)

pid: 72453
hostname: hzzdemac-mini.local

2020-03-27 19:29:36,978 WARN 72840 [-/::1/-/1124ms GET /api/v2/combinations] nodejs.JSONResponseFormatError: Unexpected token < in JSON at position 0 (data json format: "<?xml version=\"1.0\" encoding=\"UTF-8\"?>\n<Error><Code>AccessDenied</Code><Message>Access Denied</Message><RequestId>30ABDA02E75EF4EA</RequestId><HostId>HTCdXH+RTbUqMeeb4hKbrPaz44F6IaVifTdOq6eBCvEoMgY7NJ0GrnQQWQsxXbCSoCKRzUQUTXg=</HostId></Error>"), GET https://prod-packager-packages.codesandbox.io/v1/combinations 403 (connected: true, keepalive socket: false, agent status: {"createSocketCount":1,"createSocketErrorCount":0,"closeSocketCount":0,"errorSocketCount":0,"timeoutSocketCount":0,"requestCount":0,"freeSockets":{},"sockets":{"prod-packager-packages.codesandbox.io:443:::::::::":1},"requests":{}}, socketHandledRequests: 1, socketHandledResponses: 1)
headers: {"date":"Fri, 27 Mar 2020 11:29:36 GMT","content-type":"application/xml","transfer-encoding":"chunked","connection":"keep-alive","set-cookie":["__cfduid=d5606961d593b72c3e1dbead0ff3ebfdf1585308576; expires=Sun, 26-Apr-20 11:29:36 GMT; path=/; domain=.codesandbox.io; HttpOnly; SameSite=Lax; Secure"],"x-amz-request-id":"30ABDA02E75EF4EA","x-amz-id-2":"HTCdXH+RTbUqMeeb4hKbrPaz44F6IaVifTdOq6eBCvEoMgY7NJ0GrnQQWQsxXbCSoCKRzUQUTXg=","cf-cache-status":"MISS","expect-ct":"max-age=604800, report-uri=\"https://report-uri.cloudflare.com/cdn-cgi/beacon/expect-ct\"","server":"cloudflare","cf-ray":"57a8c64b0f6495f9-SJC","alt-svc":"h3-27=\":443\"; ma=86400, h3-25=\":443\"; ma=86400, h3-24=\":443\"; ma=86400, h3-23=\":443\"; ma=86400"}
headers: {"date":"Fri, 27 Mar 2020 11:29:36 GMT","content-type":"application/xml","transfer-encoding":"chunked","connection":"keep-alive","set-cookie":["__cfduid=d5606961d593b72c3e1dbead0ff3ebfdf1585308576; expires=Sun, 26-Apr-20 11:29:36 GMT; path=/; domain=.codesandbox.io; HttpOnly; SameSite=Lax; Secure"],"x-amz-request-id":"30ABDA02E75EF4EA","x-amz-id-2":"HTCdXH+RTbUqMeeb4hKbrPaz44F6IaVifTdOq6eBCvEoMgY7NJ0GrnQQWQsxXbCSoCKRzUQUTXg=","cf-cache-status":"MISS","expect-ct":"max-age=604800, report-uri=\"https://report-uri.cloudflare.com/cdn-cgi/beacon/expect-ct\"","server":"cloudflare","cf-ray":"57a8c64b0f6495f9-SJC","alt-svc":"h3-27=\":443\"; ma=86400, h3-25=\":443\"; ma=86400, h3-24=\":443\"; ma=86400, h3-23=\":443\"; ma=86400"}
    at JSON.parse (<anonymous>)
    at parseJSON (/Users/fengzhihao/Projects/github/edith-backend/node_modules/_urllib@2.34.2@urllib/lib/urllib.js:1153:24)
    at /Users/fengzhihao/Projects/github/edith-backend/node_modules/_urllib@2.34.2@urllib/lib/urllib.js:883:23
    at decodeContent (/Users/fengzhihao/Projects/github/edith-backend/node_modules/_urllib@2.34.2@urllib/lib/urllib.js:690:14)
    at IncomingMessage.<anonymous> (/Users/fengzhihao/Projects/github/edith-backend/node_modules/_urllib@2.34.2@urllib/lib/urllib.js:864:7)
    at emitNone (events.js:110:20)
    at IncomingMessage.emit (events.js:207:7)
    at endReadableNT (_stream_readable.js:1059:12)
    at _combinedTickCallback (internal/process/next_tick.js:138:11)
    at process._tickCallback (internal/process/next_tick.js:180:9)
name: "JSONResponseFormatError"
data: "<?xml version=\"1.0\" encoding=\"UTF-8\"?>\n<Error><Code>AccessDenied</Code><Message>Access Denied</Message><RequestId>30ABDA02E75EF4EA</RequestId><HostId>HTCdXH+RTbUqMeeb4hKbrPaz44F6IaVifTdOq6eBCvEoMgY7NJ0GrnQQWQsxXbCSoCKRzUQUTXg=</HostId></Error>"
path: "/v1/combinations"
status: 403
headers: {"date":"Fri, 27 Mar 2020 11:29:36 GMT","content-type":"application/xml","transfer-encoding":"chunked","connection":"keep-alive","set-cookie":["__cfduid=d5606961d593b72c3e1dbead0ff3ebfdf1585308576; expires=Sun, 26-Apr-20 11:29:36 GMT; path=/; domain=.codesandbox.io; HttpOnly; SameSite=Lax; Secure"],"x-amz-request-id":"30ABDA02E75EF4EA","x-amz-id-2":"HTCdXH+RTbUqMeeb4hKbrPaz44F6IaVifTdOq6eBCvEoMgY7NJ0GrnQQWQsxXbCSoCKRzUQUTXg=","cf-cache-status":"MISS","expect-ct":"max-age=604800, report-uri=\"https://report-uri.cloudflare.com/cdn-cgi/beacon/expect-ct\"","server":"cloudflare","cf-ray":"57a8c64b0f6495f9-SJC","alt-svc":"h3-27=\":443\"; ma=86400, h3-25=\":443\"; ma=86400, h3-24=\":443\"; ma=86400, h3-23=\":443\"; ma=86400"}
res: {"status":403,"statusCode":403,"statusMessage":"Forbidden","headers":{"date":"Fri, 27 Mar 2020 11:29:36 GMT","content-type":"application/xml","transfer-encoding":"chunked","connection":"keep-alive","set-cookie":["__cfduid=d5606961d593b72c3e1dbead0ff3ebfdf1585308576; expires=Sun, 26-Apr-20 11:29:36 GMT; path=/; domain=.codesandbox.io; HttpOnly; SameSite=Lax; Secure"],"x-amz-request-id":"30ABDA02E75EF4EA","x-amz-id-2":"HTCdXH+RTbUqMeeb4hKbrPaz44F6IaVifTdOq6eBCvEoMgY7NJ0GrnQQWQsxXbCSoCKRzUQUTXg=","cf-cache-status":"MISS","expect-ct":"max-age=604800, report-uri=\"https://report-uri.cloudflare.com/cdn-cgi/beacon/expect-ct\"","server":"cloudflare","cf-ray":"57a8c64b0f6495f9-SJC","alt-svc":"h3-27=\":443\"; ma=86400, h3-25=\":443\"; ma=86400, h3-24=\":443\"; ma=86400, h3-23=\":443\"; ma=86400"},"size":243,"aborted":false,"rt":1108,"keepAliveSocket":false,"data":"<?xml version=\"1.0\" encoding=\"UTF-8\"?>\n<Error><Code>AccessDenied</Code><Message>Access Denied</Message><RequestId>30ABDA02E75EF4EA</RequestId><HostId>HTCdXH+RTbUqMeeb4hKbrPaz44F6IaVifTdOq6eBCvEoMgY7NJ0GrnQQWQsxXbCSoCKRzUQUTXg=</HostId></Error>","requestUrls":["https://prod-packager-packages.codesandbox.io/v1/combinations"],"timing":null,"remoteAddress":"104.18.22.207","remotePort":443,"socketHandledRequests":1,"socketHandledResponses":1}
pid: 72840
hostname: hzzdemac-mini.local

2020-03-27 19:33:43,287 WARN 72840 [-/::1/-/737ms GET /api/v2/combinations] nodejs.JSONResponseFormatError: Unexpected token < in JSON at position 0 (data json format: "<?xml version=\"1.0\" encoding=\"UTF-8\"?>\n<Error><Code>AccessDenied</Code><Message>Access Denied</Message><RequestId>99BC18E9D0100D2D</RequestId><HostId>1haOUsnM+LEGoXutDJnle8uCdd1jyOvZOvjn3uTTfwylLVyZWp2PXwhFWMy8spPScs51fq5+DWg=</HostId></Error>"), GET https://prod-packager-packages.codesandbox.io/v1/combinations 403 (connected: true, keepalive socket: false, agent status: {"createSocketCount":2,"createSocketErrorCount":0,"closeSocketCount":1,"errorSocketCount":0,"timeoutSocketCount":1,"requestCount":1,"freeSockets":{},"sockets":{"prod-packager-packages.codesandbox.io:443:::::::::":1},"requests":{}}, socketHandledRequests: 1, socketHandledResponses: 1)
headers: {"date":"Fri, 27 Mar 2020 11:33:43 GMT","content-type":"application/xml","transfer-encoding":"chunked","connection":"keep-alive","set-cookie":["__cfduid=dabc06fb2c14802a708040d76beda51c41585308822; expires=Sun, 26-Apr-20 11:33:42 GMT; path=/; domain=.codesandbox.io; HttpOnly; SameSite=Lax; Secure"],"x-amz-request-id":"99BC18E9D0100D2D","x-amz-id-2":"1haOUsnM+LEGoXutDJnle8uCdd1jyOvZOvjn3uTTfwylLVyZWp2PXwhFWMy8spPScs51fq5+DWg=","cf-cache-status":"EXPIRED","expect-ct":"max-age=604800, report-uri=\"https://report-uri.cloudflare.com/cdn-cgi/beacon/expect-ct\"","server":"cloudflare","cf-ray":"57a8cc4fa876960b-SJC","alt-svc":"h3-27=\":443\"; ma=86400, h3-25=\":443\"; ma=86400, h3-24=\":443\"; ma=86400, h3-23=\":443\"; ma=86400"}
headers: {"date":"Fri, 27 Mar 2020 11:33:43 GMT","content-type":"application/xml","transfer-encoding":"chunked","connection":"keep-alive","set-cookie":["__cfduid=dabc06fb2c14802a708040d76beda51c41585308822; expires=Sun, 26-Apr-20 11:33:42 GMT; path=/; domain=.codesandbox.io; HttpOnly; SameSite=Lax; Secure"],"x-amz-request-id":"99BC18E9D0100D2D","x-amz-id-2":"1haOUsnM+LEGoXutDJnle8uCdd1jyOvZOvjn3uTTfwylLVyZWp2PXwhFWMy8spPScs51fq5+DWg=","cf-cache-status":"EXPIRED","expect-ct":"max-age=604800, report-uri=\"https://report-uri.cloudflare.com/cdn-cgi/beacon/expect-ct\"","server":"cloudflare","cf-ray":"57a8cc4fa876960b-SJC","alt-svc":"h3-27=\":443\"; ma=86400, h3-25=\":443\"; ma=86400, h3-24=\":443\"; ma=86400, h3-23=\":443\"; ma=86400"}
    at JSON.parse (<anonymous>)
    at parseJSON (/Users/fengzhihao/Projects/github/edith-backend/node_modules/_urllib@2.34.2@urllib/lib/urllib.js:1153:24)
    at /Users/fengzhihao/Projects/github/edith-backend/node_modules/_urllib@2.34.2@urllib/lib/urllib.js:883:23
    at decodeContent (/Users/fengzhihao/Projects/github/edith-backend/node_modules/_urllib@2.34.2@urllib/lib/urllib.js:690:14)
    at IncomingMessage.<anonymous> (/Users/fengzhihao/Projects/github/edith-backend/node_modules/_urllib@2.34.2@urllib/lib/urllib.js:864:7)
    at emitNone (events.js:110:20)
    at IncomingMessage.emit (events.js:207:7)
    at endReadableNT (_stream_readable.js:1059:12)
    at _combinedTickCallback (internal/process/next_tick.js:138:11)
    at process._tickCallback (internal/process/next_tick.js:180:9)
name: "JSONResponseFormatError"
data: "<?xml version=\"1.0\" encoding=\"UTF-8\"?>\n<Error><Code>AccessDenied</Code><Message>Access Denied</Message><RequestId>99BC18E9D0100D2D</RequestId><HostId>1haOUsnM+LEGoXutDJnle8uCdd1jyOvZOvjn3uTTfwylLVyZWp2PXwhFWMy8spPScs51fq5+DWg=</HostId></Error>"
path: "/v1/combinations"
status: 403
headers: {"date":"Fri, 27 Mar 2020 11:33:43 GMT","content-type":"application/xml","transfer-encoding":"chunked","connection":"keep-alive","set-cookie":["__cfduid=dabc06fb2c14802a708040d76beda51c41585308822; expires=Sun, 26-Apr-20 11:33:42 GMT; path=/; domain=.codesandbox.io; HttpOnly; SameSite=Lax; Secure"],"x-amz-request-id":"99BC18E9D0100D2D","x-amz-id-2":"1haOUsnM+LEGoXutDJnle8uCdd1jyOvZOvjn3uTTfwylLVyZWp2PXwhFWMy8spPScs51fq5+DWg=","cf-cache-status":"EXPIRED","expect-ct":"max-age=604800, report-uri=\"https://report-uri.cloudflare.com/cdn-cgi/beacon/expect-ct\"","server":"cloudflare","cf-ray":"57a8cc4fa876960b-SJC","alt-svc":"h3-27=\":443\"; ma=86400, h3-25=\":443\"; ma=86400, h3-24=\":443\"; ma=86400, h3-23=\":443\"; ma=86400"}
res: {"status":403,"statusCode":403,"statusMessage":"Forbidden","headers":{"date":"Fri, 27 Mar 2020 11:33:43 GMT","content-type":"application/xml","transfer-encoding":"chunked","connection":"keep-alive","set-cookie":["__cfduid=dabc06fb2c14802a708040d76beda51c41585308822; expires=Sun, 26-Apr-20 11:33:42 GMT; path=/; domain=.codesandbox.io; HttpOnly; SameSite=Lax; Secure"],"x-amz-request-id":"99BC18E9D0100D2D","x-amz-id-2":"1haOUsnM+LEGoXutDJnle8uCdd1jyOvZOvjn3uTTfwylLVyZWp2PXwhFWMy8spPScs51fq5+DWg=","cf-cache-status":"EXPIRED","expect-ct":"max-age=604800, report-uri=\"https://report-uri.cloudflare.com/cdn-cgi/beacon/expect-ct\"","server":"cloudflare","cf-ray":"57a8cc4fa876960b-SJC","alt-svc":"h3-27=\":443\"; ma=86400, h3-25=\":443\"; ma=86400, h3-24=\":443\"; ma=86400, h3-23=\":443\"; ma=86400"},"size":243,"aborted":false,"rt":734,"keepAliveSocket":false,"data":"<?xml version=\"1.0\" encoding=\"UTF-8\"?>\n<Error><Code>AccessDenied</Code><Message>Access Denied</Message><RequestId>99BC18E9D0100D2D</RequestId><HostId>1haOUsnM+LEGoXutDJnle8uCdd1jyOvZOvjn3uTTfwylLVyZWp2PXwhFWMy8spPScs51fq5+DWg=</HostId></Error>","requestUrls":["https://prod-packager-packages.codesandbox.io/v1/combinations"],"timing":null,"remoteAddress":"104.18.22.207","remotePort":443,"socketHandledRequests":1,"socketHandledResponses":1}
pid: 72840
hostname: hzzdemac-mini.local

