2020-03-27 18:00:56,464 INFO 67709 [egg:logger] init all loggers with options: {"dir":"/Users/fengzhihao/Projects/github/edith-backend/logs/egg-ts","encoding":"utf8","env":"local","level":"INFO","consoleLevel":"INFO","disableConsoleAfterReady":false,"outputJSON":false,"buffer":true,"appLogName":"egg-ts-web.log","coreLogName":"egg-web.log","agentLogName":"egg-agent.log","errorLogName":"common-error.log","coreLogger":{"consoleLevel":"WARN"},"allowDebugAtProd":false,"type":"application"}
2020-03-27 18:00:56,495 INFO 67709 [egg-multipart] stream mode enable
2020-03-27 18:00:56,565 INFO 67709 [egg-static] starting static serve /public/ -> /Users/fengzhihao/Projects/github/edith-backend/app/public
2020-03-27 18:00:58,019 INFO 67709 [egg:core] dump config after load, 7ms
2020-03-27 18:00:58,037 INFO 67709 [egg-watcher:application] watcher start success
2020-03-27 18:00:58,043 INFO 67709 [egg:core] dump config after ready, 4ms
2020-03-27 18:02:39,556 INFO 67808 [egg:logger] init all loggers with options: {"dir":"/Users/fengzhihao/Projects/github/edith-backend/logs/egg-ts","encoding":"utf8","env":"local","level":"INFO","consoleLevel":"INFO","disableConsoleAfterReady":false,"outputJSON":false,"buffer":true,"appLogName":"egg-ts-web.log","coreLogName":"egg-web.log","agentLogName":"egg-agent.log","errorLogName":"common-error.log","coreLogger":{"consoleLevel":"WARN"},"allowDebugAtProd":false,"type":"application"}
2020-03-27 18:02:39,594 INFO 67808 [egg-multipart] stream mode enable
2020-03-27 18:02:39,758 INFO 67808 [egg-static] starting static serve /public/ -> /Users/fengzhihao/Projects/github/edith-backend/app/public
2020-03-27 18:02:41,960 INFO 67808 [egg:core] dump config after load, 5ms
2020-03-27 18:02:42,009 INFO 67808 [egg-watcher:application] watcher start success
2020-03-27 18:02:42,017 INFO 67808 [egg:core] dump config after ready, 4ms
2020-03-27 18:34:09,244 INFO 69631 [egg:logger] init all loggers with options: {"dir":"/Users/fengzhihao/Projects/github/edith-backend/logs/egg-ts","encoding":"utf8","env":"local","level":"INFO","consoleLevel":"INFO","disableConsoleAfterReady":false,"outputJSON":false,"buffer":true,"appLogName":"egg-ts-web.log","coreLogName":"egg-web.log","agentLogName":"egg-agent.log","errorLogName":"common-error.log","coreLogger":{"consoleLevel":"WARN"},"allowDebugAtProd":false,"type":"application"}
2020-03-27 18:34:09,275 INFO 69631 [egg-multipart] stream mode enable
2020-03-27 18:34:09,363 INFO 69631 [egg-static] starting static serve /public/ -> /Users/fengzhihao/Projects/github/edith-backend/app/public
2020-03-27 18:34:11,443 INFO 69631 [egg:core] dump config after load, 6ms
2020-03-27 18:34:11,473 INFO 69631 [egg-watcher:application] watcher start success
2020-03-27 18:34:11,486 INFO 69631 [egg:core] dump config after ready, 4ms
2020-03-27 18:35:14,026 INFO 69682 [egg:logger] init all loggers with options: {"dir":"/Users/fengzhihao/Projects/github/edith-backend/logs/egg-ts","encoding":"utf8","env":"local","level":"INFO","consoleLevel":"INFO","disableConsoleAfterReady":false,"outputJSON":false,"buffer":true,"appLogName":"egg-ts-web.log","coreLogName":"egg-web.log","agentLogName":"egg-agent.log","errorLogName":"common-error.log","coreLogger":{"consoleLevel":"WARN"},"allowDebugAtProd":false,"type":"application"}
2020-03-27 18:35:14,066 INFO 69682 [egg-multipart] stream mode enable
2020-03-27 18:35:14,129 INFO 69682 [egg-static] starting static serve /public/ -> /Users/fengzhihao/Projects/github/edith-backend/app/public
2020-03-27 18:35:14,252 INFO 69682 [egg:core] dump config after load, 5ms
2020-03-27 18:35:14,270 INFO 69682 [egg-watcher:application] watcher start success
2020-03-27 18:35:14,277 INFO 69682 [egg:core] dump config after ready, 5ms
2020-03-27 18:35:16,747 INFO 69692 [egg:logger] init all loggers with options: {"dir":"/Users/fengzhihao/Projects/github/edith-backend/logs/egg-ts","encoding":"utf8","env":"local","level":"INFO","consoleLevel":"INFO","disableConsoleAfterReady":false,"outputJSON":false,"buffer":true,"appLogName":"egg-ts-web.log","coreLogName":"egg-web.log","agentLogName":"egg-agent.log","errorLogName":"common-error.log","coreLogger":{"consoleLevel":"WARN"},"allowDebugAtProd":false,"type":"application"}
2020-03-27 18:35:16,779 INFO 69692 [egg-multipart] stream mode enable
2020-03-27 18:35:16,827 INFO 69692 [egg-static] starting static serve /public/ -> /Users/fengzhihao/Projects/github/edith-backend/app/public
2020-03-27 18:35:16,870 INFO 69692 [egg:core] dump config after load, 4ms
2020-03-27 18:35:16,882 INFO 69692 [egg-watcher:application] watcher start success
2020-03-27 18:35:16,888 INFO 69692 [egg:core] dump config after ready, 4ms
2020-03-27 18:35:19,719 INFO 69705 [egg:logger] init all loggers with options: {"dir":"/Users/fengzhihao/Projects/github/edith-backend/logs/egg-ts","encoding":"utf8","env":"local","level":"INFO","consoleLevel":"INFO","disableConsoleAfterReady":false,"outputJSON":false,"buffer":true,"appLogName":"egg-ts-web.log","coreLogName":"egg-web.log","agentLogName":"egg-agent.log","errorLogName":"common-error.log","coreLogger":{"consoleLevel":"WARN"},"allowDebugAtProd":false,"type":"application"}
2020-03-27 18:35:19,755 INFO 69705 [egg-multipart] stream mode enable
2020-03-27 18:35:19,835 INFO 69705 [egg-static] starting static serve /public/ -> /Users/fengzhihao/Projects/github/edith-backend/app/public
2020-03-27 18:35:22,893 INFO 69705 [egg:core] dump config after load, 4ms
2020-03-27 18:35:22,908 INFO 69705 [egg-watcher:application] watcher start success
2020-03-27 18:35:22,917 INFO 69705 [egg:core] dump config after ready, 7ms
2020-03-27 18:38:54,476 INFO 70106 [egg:logger] init all loggers with options: {"dir":"/Users/fengzhihao/Projects/github/edith-backend/logs/egg-ts","encoding":"utf8","env":"local","level":"INFO","consoleLevel":"INFO","disableConsoleAfterReady":false,"outputJSON":false,"buffer":true,"appLogName":"egg-ts-web.log","coreLogName":"egg-web.log","agentLogName":"egg-agent.log","errorLogName":"common-error.log","coreLogger":{"consoleLevel":"WARN"},"allowDebugAtProd":false,"type":"application"}
2020-03-27 18:38:54,520 INFO 70106 [egg-multipart] stream mode enable
2020-03-27 18:38:54,561 INFO 70106 [egg-static] starting static serve /public/ -> /Users/fengzhihao/Projects/github/edith-backend/app/public
2020-03-27 18:38:54,685 INFO 70106 [egg:core] dump config after load, 6ms
2020-03-27 18:38:54,700 INFO 70106 [egg-watcher:application] watcher start success
2020-03-27 18:38:54,707 INFO 70106 [egg:core] dump config after ready, 4ms
2020-03-27 18:38:56,533 INFO 70116 [egg:logger] init all loggers with options: {"dir":"/Users/fengzhihao/Projects/github/edith-backend/logs/egg-ts","encoding":"utf8","env":"local","level":"INFO","consoleLevel":"INFO","disableConsoleAfterReady":false,"outputJSON":false,"buffer":true,"appLogName":"egg-ts-web.log","coreLogName":"egg-web.log","agentLogName":"egg-agent.log","errorLogName":"common-error.log","coreLogger":{"consoleLevel":"WARN"},"allowDebugAtProd":false,"type":"application"}
2020-03-27 18:38:56,600 INFO 70116 [egg-multipart] stream mode enable
2020-03-27 18:38:56,675 INFO 70116 [egg-static] starting static serve /public/ -> /Users/fengzhihao/Projects/github/edith-backend/app/public
2020-03-27 18:38:56,719 INFO 70116 [egg:core] dump config after load, 5ms
2020-03-27 18:38:56,734 INFO 70116 [egg-watcher:application] watcher start success
2020-03-27 18:38:56,743 INFO 70116 [egg:core] dump config after ready, 7ms
2020-03-27 18:39:24,566 INFO 70140 [egg:logger] init all loggers with options: {"dir":"/Users/fengzhihao/Projects/github/edith-backend/logs/egg-ts","encoding":"utf8","env":"local","level":"INFO","consoleLevel":"INFO","disableConsoleAfterReady":false,"outputJSON":false,"buffer":true,"appLogName":"egg-ts-web.log","coreLogName":"egg-web.log","agentLogName":"egg-agent.log","errorLogName":"common-error.log","coreLogger":{"consoleLevel":"WARN"},"allowDebugAtProd":false,"type":"application"}
2020-03-27 18:39:24,598 INFO 70140 [egg-multipart] stream mode enable
2020-03-27 18:39:24,674 INFO 70140 [egg-static] starting static serve /public/ -> /Users/fengzhihao/Projects/github/edith-backend/app/public
2020-03-27 18:39:24,724 INFO 70140 [egg:core] dump config after load, 6ms
2020-03-27 18:39:24,759 INFO 70140 [egg-watcher:application] watcher start success
2020-03-27 18:39:24,767 INFO 70140 [egg:core] dump config after ready, 6ms
2020-03-27 18:39:28,142 INFO 70154 [egg:logger] init all loggers with options: {"dir":"/Users/fengzhihao/Projects/github/edith-backend/logs/egg-ts","encoding":"utf8","env":"local","level":"INFO","consoleLevel":"INFO","disableConsoleAfterReady":false,"outputJSON":false,"buffer":true,"appLogName":"egg-ts-web.log","coreLogName":"egg-web.log","agentLogName":"egg-agent.log","errorLogName":"common-error.log","coreLogger":{"consoleLevel":"WARN"},"allowDebugAtProd":false,"type":"application"}
2020-03-27 18:39:28,179 INFO 70154 [egg-multipart] stream mode enable
2020-03-27 18:39:28,225 INFO 70154 [egg-static] starting static serve /public/ -> /Users/fengzhihao/Projects/github/edith-backend/app/public
2020-03-27 18:39:28,273 INFO 70154 [egg:core] dump config after load, 6ms
2020-03-27 18:39:28,303 INFO 70154 [egg-watcher:application] watcher start success
2020-03-27 18:39:28,311 INFO 70154 [egg:core] dump config after ready, 6ms
2020-03-27 18:41:14,367 INFO 70222 [egg:logger] init all loggers with options: {"dir":"/Users/fengzhihao/Projects/github/edith-backend/logs/egg-ts","encoding":"utf8","env":"local","level":"INFO","consoleLevel":"INFO","disableConsoleAfterReady":false,"outputJSON":false,"buffer":true,"appLogName":"egg-ts-web.log","coreLogName":"egg-web.log","agentLogName":"egg-agent.log","errorLogName":"common-error.log","coreLogger":{"consoleLevel":"WARN"},"allowDebugAtProd":false,"type":"application"}
2020-03-27 18:41:14,400 INFO 70222 [egg-multipart] stream mode enable
2020-03-27 18:41:14,480 INFO 70222 [egg-static] starting static serve /public/ -> /Users/fengzhihao/Projects/github/edith-backend/app/public
2020-03-27 18:41:14,576 INFO 70222 [egg:core] dump config after load, 7ms
2020-03-27 18:41:14,588 INFO 70222 [egg-watcher:application] watcher start success
2020-03-27 18:41:14,598 INFO 70222 [egg:core] dump config after ready, 8ms
2020-03-27 18:41:43,600 INFO 70249 [egg:logger] init all loggers with options: {"dir":"/Users/fengzhihao/Projects/github/edith-backend/logs/egg-ts","encoding":"utf8","env":"local","level":"INFO","consoleLevel":"INFO","disableConsoleAfterReady":false,"outputJSON":false,"buffer":true,"appLogName":"egg-ts-web.log","coreLogName":"egg-web.log","agentLogName":"egg-agent.log","errorLogName":"common-error.log","coreLogger":{"consoleLevel":"WARN"},"allowDebugAtProd":false,"type":"application"}
2020-03-27 18:41:43,668 INFO 70249 [egg-multipart] stream mode enable
2020-03-27 18:41:45,343 INFO 70249 [egg-static] starting static serve /public/ -> /Users/fengzhihao/Projects/github/edith-backend/app/public
2020-03-27 18:41:45,407 INFO 70249 [egg:core] dump config after load, 6ms
2020-03-27 18:41:45,419 INFO 70249 [egg-watcher:application] watcher start success
2020-03-27 18:41:45,481 INFO 70249 [egg:core] dump config after ready, 28ms
2020-03-27 18:45:49,561 INFO 70409 [egg:logger] init all loggers with options: {"dir":"/Users/fengzhihao/Projects/github/edith-backend/logs/egg-ts","encoding":"utf8","env":"local","level":"INFO","consoleLevel":"INFO","disableConsoleAfterReady":false,"outputJSON":false,"buffer":true,"appLogName":"egg-ts-web.log","coreLogName":"egg-web.log","agentLogName":"egg-agent.log","errorLogName":"common-error.log","coreLogger":{"consoleLevel":"WARN"},"allowDebugAtProd":false,"type":"application"}
2020-03-27 18:45:49,597 INFO 70409 [egg-multipart] stream mode enable
2020-03-27 18:45:49,667 INFO 70409 [egg-static] starting static serve /public/ -> /Users/fengzhihao/Projects/github/edith-backend/app/public
2020-03-27 18:45:49,717 INFO 70409 [egg:core] dump config after load, 5ms
2020-03-27 18:45:49,729 INFO 70409 [egg-watcher:application] watcher start success
2020-03-27 18:45:49,744 INFO 70409 [egg:core] dump config after ready, 10ms
2020-03-27 18:47:13,477 INFO 70474 [egg:logger] init all loggers with options: {"dir":"/Users/fengzhihao/Projects/github/edith-backend/logs/egg-ts","encoding":"utf8","env":"local","level":"INFO","consoleLevel":"INFO","disableConsoleAfterReady":false,"outputJSON":false,"buffer":true,"appLogName":"egg-ts-web.log","coreLogName":"egg-web.log","agentLogName":"egg-agent.log","errorLogName":"common-error.log","coreLogger":{"consoleLevel":"WARN"},"allowDebugAtProd":false,"type":"application"}
2020-03-27 18:47:13,515 INFO 70474 [egg-multipart] stream mode enable
2020-03-27 18:47:13,581 INFO 70474 [egg-static] starting static serve /public/ -> /Users/fengzhihao/Projects/github/edith-backend/app/public
2020-03-27 18:47:13,655 INFO 70474 [egg:core] dump config after load, 23ms
2020-03-27 18:47:13,674 INFO 70474 [egg-watcher:application] watcher start success
2020-03-27 18:47:13,682 INFO 70474 [egg:core] dump config after ready, 5ms
2020-03-27 18:48:27,337 INFO 70542 [egg:logger] init all loggers with options: {"dir":"/Users/fengzhihao/Projects/github/edith-backend/logs/egg-ts","encoding":"utf8","env":"local","level":"INFO","consoleLevel":"INFO","disableConsoleAfterReady":false,"outputJSON":false,"buffer":true,"appLogName":"egg-ts-web.log","coreLogName":"egg-web.log","agentLogName":"egg-agent.log","errorLogName":"common-error.log","coreLogger":{"consoleLevel":"WARN"},"allowDebugAtProd":false,"type":"application"}
2020-03-27 18:48:27,407 INFO 70542 [egg-multipart] stream mode enable
2020-03-27 18:48:27,689 INFO 70542 [egg-static] starting static serve /public/ -> /Users/fengzhihao/Projects/github/edith-backend/app/public
2020-03-27 18:48:27,823 INFO 70542 [egg:core] dump config after load, 8ms
2020-03-27 18:48:27,835 INFO 70542 [egg-watcher:application] watcher start success
2020-03-27 18:48:27,846 INFO 70542 [egg:core] dump config after ready, 9ms
2020-03-27 18:48:31,027 INFO 70554 [egg:logger] init all loggers with options: {"dir":"/Users/fengzhihao/Projects/github/edith-backend/logs/egg-ts","encoding":"utf8","env":"local","level":"INFO","consoleLevel":"INFO","disableConsoleAfterReady":false,"outputJSON":false,"buffer":true,"appLogName":"egg-ts-web.log","coreLogName":"egg-web.log","agentLogName":"egg-agent.log","errorLogName":"common-error.log","coreLogger":{"consoleLevel":"WARN"},"allowDebugAtProd":false,"type":"application"}
2020-03-27 18:48:31,072 INFO 70554 [egg-multipart] stream mode enable
2020-03-27 18:48:31,123 INFO 70554 [egg-static] starting static serve /public/ -> /Users/fengzhihao/Projects/github/edith-backend/app/public
2020-03-27 18:48:31,168 INFO 70554 [egg:core] dump config after load, 4ms
2020-03-27 18:48:31,181 INFO 70554 [egg-watcher:application] watcher start success
2020-03-27 18:48:31,191 INFO 70554 [egg:core] dump config after ready, 7ms
2020-03-27 18:48:46,751 INFO 70575 [egg:logger] init all loggers with options: {"dir":"/Users/fengzhihao/Projects/github/edith-backend/logs/egg-ts","encoding":"utf8","env":"local","level":"INFO","consoleLevel":"INFO","disableConsoleAfterReady":false,"outputJSON":false,"buffer":true,"appLogName":"egg-ts-web.log","coreLogName":"egg-web.log","agentLogName":"egg-agent.log","errorLogName":"common-error.log","coreLogger":{"consoleLevel":"WARN"},"allowDebugAtProd":false,"type":"application"}
2020-03-27 18:48:46,785 INFO 70575 [egg-multipart] stream mode enable
2020-03-27 18:48:46,845 INFO 70575 [egg-static] starting static serve /public/ -> /Users/fengzhihao/Projects/github/edith-backend/app/public
2020-03-27 18:48:49,073 INFO 70575 [egg:core] dump config after load, 5ms
2020-03-27 18:48:49,086 INFO 70575 [egg-watcher:application] watcher start success
2020-03-27 18:48:49,113 INFO 70575 [egg:core] dump config after ready, 24ms
2020-03-27 18:48:52,742 INFO 70588 [egg:logger] init all loggers with options: {"dir":"/Users/fengzhihao/Projects/github/edith-backend/logs/egg-ts","encoding":"utf8","env":"local","level":"INFO","consoleLevel":"INFO","disableConsoleAfterReady":false,"outputJSON":false,"buffer":true,"appLogName":"egg-ts-web.log","coreLogName":"egg-web.log","agentLogName":"egg-agent.log","errorLogName":"common-error.log","coreLogger":{"consoleLevel":"WARN"},"allowDebugAtProd":false,"type":"application"}
2020-03-27 18:48:52,776 INFO 70588 [egg-multipart] stream mode enable
2020-03-27 18:48:52,832 INFO 70588 [egg-static] starting static serve /public/ -> /Users/fengzhihao/Projects/github/edith-backend/app/public
2020-03-27 18:48:54,515 INFO 70588 [egg:core] dump config after load, 47ms
2020-03-27 18:48:54,534 INFO 70588 [egg-watcher:application] watcher start success
2020-03-27 18:48:54,544 INFO 70588 [egg:core] dump config after ready, 7ms
2020-03-27 18:51:44,995 INFO 70735 [egg:logger] init all loggers with options: {"dir":"/Users/fengzhihao/Projects/github/edith-backend/logs/egg-ts","encoding":"utf8","env":"local","level":"INFO","consoleLevel":"INFO","disableConsoleAfterReady":false,"outputJSON":false,"buffer":true,"appLogName":"egg-ts-web.log","coreLogName":"egg-web.log","agentLogName":"egg-agent.log","errorLogName":"common-error.log","coreLogger":{"consoleLevel":"WARN"},"allowDebugAtProd":false,"type":"application"}
2020-03-27 18:51:45,033 INFO 70735 [egg-multipart] stream mode enable
2020-03-27 18:51:45,120 INFO 70735 [egg-static] starting static serve /public/ -> /Users/fengzhihao/Projects/github/edith-backend/app/public
2020-03-27 18:51:45,226 INFO 70735 [egg:core] dump config after load, 7ms
2020-03-27 18:51:45,241 INFO 70735 [egg-watcher:application] watcher start success
2020-03-27 18:51:45,250 INFO 70735 [egg:core] dump config after ready, 6ms
2020-03-27 18:53:30,577 INFO 70800 [egg:logger] init all loggers with options: {"dir":"/Users/fengzhihao/Projects/github/edith-backend/logs/egg-ts","encoding":"utf8","env":"local","level":"INFO","consoleLevel":"INFO","disableConsoleAfterReady":false,"outputJSON":false,"buffer":true,"appLogName":"egg-ts-web.log","coreLogName":"egg-web.log","agentLogName":"egg-agent.log","errorLogName":"common-error.log","coreLogger":{"consoleLevel":"WARN"},"allowDebugAtProd":false,"type":"application"}
2020-03-27 18:53:30,608 INFO 70800 [egg-multipart] stream mode enable
2020-03-27 18:53:30,658 INFO 70800 [egg-static] starting static serve /public/ -> /Users/fengzhihao/Projects/github/edith-backend/app/public
2020-03-27 18:53:32,833 INFO 70800 [egg:core] dump config after load, 5ms
2020-03-27 18:53:32,899 INFO 70800 [egg-watcher:application] watcher start success
2020-03-27 18:53:33,000 INFO 70800 [egg:core] dump config after ready, 74ms
2020-03-27 18:53:57,706 INFO 70830 [egg:logger] init all loggers with options: {"dir":"/Users/fengzhihao/Projects/github/edith-backend/logs/egg-ts","encoding":"utf8","env":"local","level":"INFO","consoleLevel":"INFO","disableConsoleAfterReady":false,"outputJSON":false,"buffer":true,"appLogName":"egg-ts-web.log","coreLogName":"egg-web.log","agentLogName":"egg-agent.log","errorLogName":"common-error.log","coreLogger":{"consoleLevel":"WARN"},"allowDebugAtProd":false,"type":"application"}
2020-03-27 18:53:57,760 INFO 70830 [egg-multipart] stream mode enable
2020-03-27 18:53:57,823 INFO 70830 [egg-static] starting static serve /public/ -> /Users/fengzhihao/Projects/github/edith-backend/app/public
2020-03-27 18:53:59,687 INFO 70830 [egg:core] dump config after load, 35ms
2020-03-27 18:53:59,701 INFO 70830 [egg-watcher:application] watcher start success
2020-03-27 18:53:59,708 INFO 70830 [egg:core] dump config after ready, 5ms
2020-03-27 18:54:32,441 INFO 70870 [egg:logger] init all loggers with options: {"dir":"/Users/fengzhihao/Projects/github/edith-backend/logs/egg-ts","encoding":"utf8","env":"local","level":"INFO","consoleLevel":"INFO","disableConsoleAfterReady":false,"outputJSON":false,"buffer":true,"appLogName":"egg-ts-web.log","coreLogName":"egg-web.log","agentLogName":"egg-agent.log","errorLogName":"common-error.log","coreLogger":{"consoleLevel":"WARN"},"allowDebugAtProd":false,"type":"application"}
2020-03-27 18:54:32,483 INFO 70870 [egg-multipart] stream mode enable
2020-03-27 18:54:32,547 INFO 70870 [egg-static] starting static serve /public/ -> /Users/fengzhihao/Projects/github/edith-backend/app/public
2020-03-27 18:54:34,693 INFO 70870 [egg:core] dump config after load, 10ms
2020-03-27 18:54:34,713 INFO 70870 [egg-watcher:application] watcher start success
2020-03-27 18:54:34,773 INFO 70870 [egg:core] dump config after ready, 57ms
2020-03-27 18:54:38,975 INFO 70895 [egg:logger] init all loggers with options: {"dir":"/Users/fengzhihao/Projects/github/edith-backend/logs/egg-ts","encoding":"utf8","env":"local","level":"INFO","consoleLevel":"INFO","disableConsoleAfterReady":false,"outputJSON":false,"buffer":true,"appLogName":"egg-ts-web.log","coreLogName":"egg-web.log","agentLogName":"egg-agent.log","errorLogName":"common-error.log","coreLogger":{"consoleLevel":"WARN"},"allowDebugAtProd":false,"type":"application"}
2020-03-27 18:54:39,009 INFO 70895 [egg-multipart] stream mode enable
2020-03-27 18:54:39,054 INFO 70895 [egg-static] starting static serve /public/ -> /Users/fengzhihao/Projects/github/edith-backend/app/public
2020-03-27 18:54:40,914 INFO 70895 [egg:core] dump config after load, 7ms
2020-03-27 18:54:40,932 INFO 70895 [egg-watcher:application] watcher start success
2020-03-27 18:54:40,940 INFO 70895 [egg:core] dump config after ready, 6ms
2020-03-27 18:56:06,863 INFO 70970 [egg:logger] init all loggers with options: {"dir":"/Users/fengzhihao/Projects/github/edith-backend/logs/egg-ts","encoding":"utf8","env":"local","level":"INFO","consoleLevel":"INFO","disableConsoleAfterReady":false,"outputJSON":false,"buffer":true,"appLogName":"egg-ts-web.log","coreLogName":"egg-web.log","agentLogName":"egg-agent.log","errorLogName":"common-error.log","coreLogger":{"consoleLevel":"WARN"},"allowDebugAtProd":false,"type":"application"}
2020-03-27 18:56:06,907 INFO 70970 [egg-multipart] stream mode enable
2020-03-27 18:56:07,009 INFO 70970 [egg-static] starting static serve /public/ -> /Users/fengzhihao/Projects/github/edith-backend/app/public
2020-03-27 18:56:07,059 INFO 70970 [egg:core] dump config after load, 4ms
2020-03-27 18:56:07,071 INFO 70970 [egg-watcher:application] watcher start success
2020-03-27 18:56:07,081 INFO 70970 [egg:core] dump config after ready, 7ms
2020-03-27 18:56:18,926 INFO 70991 [egg:logger] init all loggers with options: {"dir":"/Users/fengzhihao/Projects/github/edith-backend/logs/egg-ts","encoding":"utf8","env":"local","level":"INFO","consoleLevel":"INFO","disableConsoleAfterReady":false,"outputJSON":false,"buffer":true,"appLogName":"egg-ts-web.log","coreLogName":"egg-web.log","agentLogName":"egg-agent.log","errorLogName":"common-error.log","coreLogger":{"consoleLevel":"WARN"},"allowDebugAtProd":false,"type":"application"}
2020-03-27 18:56:18,974 INFO 70991 [egg-multipart] stream mode enable
2020-03-27 18:56:19,026 INFO 70991 [egg-static] starting static serve /public/ -> /Users/fengzhihao/Projects/github/edith-backend/app/public
2020-03-27 18:56:20,854 INFO 70991 [egg:core] dump config after load, 6ms
2020-03-27 18:56:20,867 INFO 70991 [egg-watcher:application] watcher start success
2020-03-27 18:56:20,885 INFO 70991 [egg:core] dump config after ready, 16ms
2020-03-27 18:56:31,756 INFO 71005 [egg:logger] init all loggers with options: {"dir":"/Users/fengzhihao/Projects/github/edith-backend/logs/egg-ts","encoding":"utf8","env":"local","level":"INFO","consoleLevel":"INFO","disableConsoleAfterReady":false,"outputJSON":false,"buffer":true,"appLogName":"egg-ts-web.log","coreLogName":"egg-web.log","agentLogName":"egg-agent.log","errorLogName":"common-error.log","coreLogger":{"consoleLevel":"WARN"},"allowDebugAtProd":false,"type":"application"}
2020-03-27 18:56:31,784 INFO 71005 [egg-multipart] stream mode enable
2020-03-27 18:56:31,832 INFO 71005 [egg-static] starting static serve /public/ -> /Users/fengzhihao/Projects/github/edith-backend/app/public
2020-03-27 18:56:31,844 INFO 71005 [egg:core] dump config after load, 4ms
2020-03-27 18:56:31,855 INFO 71005 [egg-watcher:application] watcher start success
2020-03-27 18:56:31,862 INFO 71005 [egg:core] dump config after ready, 5ms
2020-03-27 18:56:44,250 INFO 71028 [egg:logger] init all loggers with options: {"dir":"/Users/fengzhihao/Projects/github/edith-backend/logs/egg-ts","encoding":"utf8","env":"local","level":"INFO","consoleLevel":"INFO","disableConsoleAfterReady":false,"outputJSON":false,"buffer":true,"appLogName":"egg-ts-web.log","coreLogName":"egg-web.log","agentLogName":"egg-agent.log","errorLogName":"common-error.log","coreLogger":{"consoleLevel":"WARN"},"allowDebugAtProd":false,"type":"application"}
2020-03-27 18:56:44,284 INFO 71028 [egg-multipart] stream mode enable
2020-03-27 18:56:44,354 INFO 71028 [egg-static] starting static serve /public/ -> /Users/fengzhihao/Projects/github/edith-backend/app/public
2020-03-27 18:56:45,947 INFO 71028 [egg:core] dump config after load, 5ms
2020-03-27 18:56:45,961 INFO 71028 [egg-watcher:application] watcher start success
2020-03-27 18:56:45,969 INFO 71028 [egg:core] dump config after ready, 6ms
2020-03-27 18:57:01,910 INFO 71051 [egg:logger] init all loggers with options: {"dir":"/Users/fengzhihao/Projects/github/edith-backend/logs/egg-ts","encoding":"utf8","env":"local","level":"INFO","consoleLevel":"INFO","disableConsoleAfterReady":false,"outputJSON":false,"buffer":true,"appLogName":"egg-ts-web.log","coreLogName":"egg-web.log","agentLogName":"egg-agent.log","errorLogName":"common-error.log","coreLogger":{"consoleLevel":"WARN"},"allowDebugAtProd":false,"type":"application"}
2020-03-27 18:57:01,962 INFO 71051 [egg-multipart] stream mode enable
2020-03-27 18:57:02,045 INFO 71051 [egg-static] starting static serve /public/ -> /Users/fengzhihao/Projects/github/edith-backend/app/public
2020-03-27 18:57:04,056 INFO 71051 [egg:core] dump config after load, 9ms
2020-03-27 18:57:04,098 INFO 71051 [egg-watcher:application] watcher start success
2020-03-27 18:57:04,126 INFO 71051 [egg:core] dump config after ready, 26ms
2020-03-27 18:57:11,122 INFO 71068 [egg:logger] init all loggers with options: {"dir":"/Users/fengzhihao/Projects/github/edith-backend/logs/egg-ts","encoding":"utf8","env":"local","level":"INFO","consoleLevel":"INFO","disableConsoleAfterReady":false,"outputJSON":false,"buffer":true,"appLogName":"egg-ts-web.log","coreLogName":"egg-web.log","agentLogName":"egg-agent.log","errorLogName":"common-error.log","coreLogger":{"consoleLevel":"WARN"},"allowDebugAtProd":false,"type":"application"}
2020-03-27 18:57:11,155 INFO 71068 [egg-multipart] stream mode enable
2020-03-27 18:57:11,240 INFO 71068 [egg-static] starting static serve /public/ -> /Users/fengzhihao/Projects/github/edith-backend/app/public
2020-03-27 18:57:12,829 INFO 71068 [egg:core] dump config after load, 4ms
2020-03-27 18:57:12,841 INFO 71068 [egg-watcher:application] watcher start success
2020-03-27 18:57:12,859 INFO 71068 [egg:core] dump config after ready, 15ms
2020-03-27 19:00:11,909 INFO 71204 [egg:logger] init all loggers with options: {"dir":"/Users/fengzhihao/Projects/github/edith-backend/logs/egg-ts","encoding":"utf8","env":"local","level":"INFO","consoleLevel":"INFO","disableConsoleAfterReady":false,"outputJSON":false,"buffer":true,"appLogName":"egg-ts-web.log","coreLogName":"egg-web.log","agentLogName":"egg-agent.log","errorLogName":"common-error.log","coreLogger":{"consoleLevel":"WARN"},"allowDebugAtProd":false,"type":"application"}
2020-03-27 19:00:11,944 INFO 71204 [egg-multipart] stream mode enable
2020-03-27 19:00:12,040 INFO 71204 [egg-static] starting static serve /public/ -> /Users/fengzhihao/Projects/github/edith-backend/app/public
2020-03-27 19:00:13,720 INFO 71204 [egg:core] dump config after load, 6ms
2020-03-27 19:00:13,743 INFO 71204 [egg-watcher:application] watcher start success
2020-03-27 19:00:13,795 INFO 71204 [egg:core] dump config after ready, 49ms
2020-03-27 19:01:33,266 INFO 71261 [egg:logger] init all loggers with options: {"dir":"/Users/fengzhihao/Projects/github/edith-backend/logs/egg-ts","encoding":"utf8","env":"local","level":"INFO","consoleLevel":"INFO","disableConsoleAfterReady":false,"outputJSON":false,"buffer":true,"appLogName":"egg-ts-web.log","coreLogName":"egg-web.log","agentLogName":"egg-agent.log","errorLogName":"common-error.log","coreLogger":{"consoleLevel":"WARN"},"allowDebugAtProd":false,"type":"application"}
2020-03-27 19:01:33,297 INFO 71261 [egg-multipart] stream mode enable
2020-03-27 19:01:33,364 INFO 71261 [egg-static] starting static serve /public/ -> /Users/fengzhihao/Projects/github/edith-backend/app/public
2020-03-27 19:01:33,378 INFO 71261 [egg:core] dump config after load, 4ms
2020-03-27 19:01:33,393 INFO 71261 [egg-watcher:application] watcher start success
2020-03-27 19:01:33,402 INFO 71261 [egg:core] dump config after ready, 6ms
2020-03-27 19:01:59,829 INFO 71287 [egg:logger] init all loggers with options: {"dir":"/Users/fengzhihao/Projects/github/edith-backend/logs/egg-ts","encoding":"utf8","env":"local","level":"INFO","consoleLevel":"INFO","disableConsoleAfterReady":false,"outputJSON":false,"buffer":true,"appLogName":"egg-ts-web.log","coreLogName":"egg-web.log","agentLogName":"egg-agent.log","errorLogName":"common-error.log","coreLogger":{"consoleLevel":"WARN"},"allowDebugAtProd":false,"type":"application"}
2020-03-27 19:01:59,966 INFO 71287 [egg-multipart] stream mode enable
2020-03-27 19:02:00,146 INFO 71287 [egg-static] starting static serve /public/ -> /Users/fengzhihao/Projects/github/edith-backend/app/public
2020-03-27 19:02:02,141 INFO 71287 [egg:core] dump config after load, 4ms
2020-03-27 19:02:02,153 INFO 71287 [egg-watcher:application] watcher start success
2020-03-27 19:02:02,160 INFO 71287 [egg:core] dump config after ready, 5ms
2020-03-27 19:02:07,639 INFO 71297 [egg:logger] init all loggers with options: {"dir":"/Users/fengzhihao/Projects/github/edith-backend/logs/egg-ts","encoding":"utf8","env":"local","level":"INFO","consoleLevel":"INFO","disableConsoleAfterReady":false,"outputJSON":false,"buffer":true,"appLogName":"egg-ts-web.log","coreLogName":"egg-web.log","agentLogName":"egg-agent.log","errorLogName":"common-error.log","coreLogger":{"consoleLevel":"WARN"},"allowDebugAtProd":false,"type":"application"}
2020-03-27 19:02:07,687 INFO 71297 [egg-multipart] stream mode enable
2020-03-27 19:02:07,755 INFO 71297 [egg-static] starting static serve /public/ -> /Users/fengzhihao/Projects/github/edith-backend/app/public
2020-03-27 19:02:09,308 INFO 71297 [egg:core] dump config after load, 5ms
2020-03-27 19:02:09,321 INFO 71297 [egg-watcher:application] watcher start success
2020-03-27 19:02:09,331 INFO 71297 [egg:core] dump config after ready, 8ms
2020-03-27 19:02:17,684 INFO 71308 [egg:logger] init all loggers with options: {"dir":"/Users/fengzhihao/Projects/github/edith-backend/logs/egg-ts","encoding":"utf8","env":"local","level":"INFO","consoleLevel":"INFO","disableConsoleAfterReady":false,"outputJSON":false,"buffer":true,"appLogName":"egg-ts-web.log","coreLogName":"egg-web.log","agentLogName":"egg-agent.log","errorLogName":"common-error.log","coreLogger":{"consoleLevel":"WARN"},"allowDebugAtProd":false,"type":"application"}
2020-03-27 19:02:17,716 INFO 71308 [egg-multipart] stream mode enable
2020-03-27 19:02:17,764 INFO 71308 [egg-static] starting static serve /public/ -> /Users/fengzhihao/Projects/github/edith-backend/app/public
2020-03-27 19:02:19,511 INFO 71308 [egg:core] dump config after load, 6ms
2020-03-27 19:02:19,525 INFO 71308 [egg-watcher:application] watcher start success
2020-03-27 19:02:19,534 INFO 71308 [egg:core] dump config after ready, 6ms
2020-03-27 19:02:48,792 INFO 71337 [egg:logger] init all loggers with options: {"dir":"/Users/fengzhihao/Projects/github/edith-backend/logs/egg-ts","encoding":"utf8","env":"local","level":"INFO","consoleLevel":"INFO","disableConsoleAfterReady":false,"outputJSON":false,"buffer":true,"appLogName":"egg-ts-web.log","coreLogName":"egg-web.log","agentLogName":"egg-agent.log","errorLogName":"common-error.log","coreLogger":{"consoleLevel":"WARN"},"allowDebugAtProd":false,"type":"application"}
2020-03-27 19:02:48,827 INFO 71337 [egg-multipart] stream mode enable
2020-03-27 19:02:48,881 INFO 71337 [egg-static] starting static serve /public/ -> /Users/fengzhihao/Projects/github/edith-backend/app/public
2020-03-27 19:02:50,725 INFO 71337 [egg:core] dump config after load, 7ms
2020-03-27 19:02:50,742 INFO 71337 [egg-watcher:application] watcher start success
2020-03-27 19:02:50,756 INFO 71337 [egg:core] dump config after ready, 12ms
2020-03-27 19:03:33,598 INFO 71364 [egg:logger] init all loggers with options: {"dir":"/Users/fengzhihao/Projects/github/edith-backend/logs/egg-ts","encoding":"utf8","env":"local","level":"INFO","consoleLevel":"INFO","disableConsoleAfterReady":false,"outputJSON":false,"buffer":true,"appLogName":"egg-ts-web.log","coreLogName":"egg-web.log","agentLogName":"egg-agent.log","errorLogName":"common-error.log","coreLogger":{"consoleLevel":"WARN"},"allowDebugAtProd":false,"type":"application"}
2020-03-27 19:03:33,653 INFO 71364 [egg-multipart] stream mode enable
2020-03-27 19:03:33,752 INFO 71364 [egg-static] starting static serve /public/ -> /Users/fengzhihao/Projects/github/edith-backend/app/public
2020-03-27 19:03:33,814 INFO 71364 [egg:core] dump config after load, 6ms
2020-03-27 19:03:33,830 INFO 71364 [egg-watcher:application] watcher start success
2020-03-27 19:03:33,840 INFO 71364 [egg:core] dump config after ready, 8ms
2020-03-27 19:03:38,865 INFO 71372 [egg:logger] init all loggers with options: {"dir":"/Users/fengzhihao/Projects/github/edith-backend/logs/egg-ts","encoding":"utf8","env":"local","level":"INFO","consoleLevel":"INFO","disableConsoleAfterReady":false,"outputJSON":false,"buffer":true,"appLogName":"egg-ts-web.log","coreLogName":"egg-web.log","agentLogName":"egg-agent.log","errorLogName":"common-error.log","coreLogger":{"consoleLevel":"WARN"},"allowDebugAtProd":false,"type":"application"}
2020-03-27 19:03:38,898 INFO 71372 [egg-multipart] stream mode enable
2020-03-27 19:03:38,955 INFO 71372 [egg-static] starting static serve /public/ -> /Users/fengzhihao/Projects/github/edith-backend/app/public
2020-03-27 19:03:38,979 INFO 71372 [egg:core] dump config after load, 9ms
2020-03-27 19:03:38,991 INFO 71372 [egg-watcher:application] watcher start success
2020-03-27 19:03:39,021 INFO 71372 [egg:core] dump config after ready, 28ms
2020-03-27 19:04:49,380 INFO 71451 [egg:logger] init all loggers with options: {"dir":"/Users/fengzhihao/Projects/github/edith-backend/logs/egg-ts","encoding":"utf8","env":"local","level":"INFO","consoleLevel":"INFO","disableConsoleAfterReady":false,"outputJSON":false,"buffer":true,"appLogName":"egg-ts-web.log","coreLogName":"egg-web.log","agentLogName":"egg-agent.log","errorLogName":"common-error.log","coreLogger":{"consoleLevel":"WARN"},"allowDebugAtProd":false,"type":"application"}
2020-03-27 19:04:49,417 INFO 71451 [egg-multipart] stream mode enable
2020-03-27 19:04:49,465 INFO 71451 [egg-static] starting static serve /public/ -> /Users/fengzhihao/Projects/github/edith-backend/app/public
2020-03-27 19:04:52,357 INFO 71451 [egg:core] dump config after load, 4ms
2020-03-27 19:04:52,369 INFO 71451 [egg-watcher:application] watcher start success
2020-03-27 19:04:52,379 INFO 71451 [egg:core] dump config after ready, 7ms
2020-03-27 19:07:45,725 INFO 71597 [egg:logger] init all loggers with options: {"dir":"/Users/fengzhihao/Projects/github/edith-backend/logs/egg-ts","encoding":"utf8","env":"local","level":"INFO","consoleLevel":"INFO","disableConsoleAfterReady":false,"outputJSON":false,"buffer":true,"appLogName":"egg-ts-web.log","coreLogName":"egg-web.log","agentLogName":"egg-agent.log","errorLogName":"common-error.log","coreLogger":{"consoleLevel":"WARN"},"allowDebugAtProd":false,"type":"application"}
2020-03-27 19:07:45,776 INFO 71597 [egg-multipart] stream mode enable
2020-03-27 19:07:45,919 INFO 71597 [egg-static] starting static serve /public/ -> /Users/fengzhihao/Projects/github/edith-backend/app/public
2020-03-27 19:07:45,934 INFO 71597 [egg:core] dump config after load, 5ms
2020-03-27 19:07:45,945 INFO 71597 [egg-watcher:application] watcher start success
2020-03-27 19:07:45,980 INFO 71597 [egg:core] dump config after ready, 32ms
2020-03-27 19:07:53,841 INFO 71622 [egg:logger] init all loggers with options: {"dir":"/Users/fengzhihao/Projects/github/edith-backend/logs/egg-ts","encoding":"utf8","env":"local","level":"INFO","consoleLevel":"INFO","disableConsoleAfterReady":false,"outputJSON":false,"buffer":true,"appLogName":"egg-ts-web.log","coreLogName":"egg-web.log","agentLogName":"egg-agent.log","errorLogName":"common-error.log","coreLogger":{"consoleLevel":"WARN"},"allowDebugAtProd":false,"type":"application"}
2020-03-27 19:07:53,878 INFO 71622 [egg-multipart] stream mode enable
2020-03-27 19:07:53,949 INFO 71622 [egg-static] starting static serve /public/ -> /Users/fengzhihao/Projects/github/edith-backend/app/public
2020-03-27 19:07:55,557 INFO 71622 [egg:core] dump config after load, 4ms
2020-03-27 19:07:55,572 INFO 71622 [egg-watcher:application] watcher start success
2020-03-27 19:07:55,583 INFO 71622 [egg:core] dump config after ready, 9ms
2020-03-27 19:09:10,814 INFO 71695 [egg:logger] init all loggers with options: {"dir":"/Users/fengzhihao/Projects/github/edith-backend/logs/egg-ts","encoding":"utf8","env":"local","level":"INFO","consoleLevel":"INFO","disableConsoleAfterReady":false,"outputJSON":false,"buffer":true,"appLogName":"egg-ts-web.log","coreLogName":"egg-web.log","agentLogName":"egg-agent.log","errorLogName":"common-error.log","coreLogger":{"consoleLevel":"WARN"},"allowDebugAtProd":false,"type":"application"}
2020-03-27 19:09:10,848 INFO 71695 [egg-multipart] stream mode enable
2020-03-27 19:09:10,923 INFO 71695 [egg-static] starting static serve /public/ -> /Users/fengzhihao/Projects/github/edith-backend/app/public
2020-03-27 19:09:13,700 INFO 71695 [egg:core] dump config after load, 5ms
2020-03-27 19:09:13,713 INFO 71695 [egg-watcher:application] watcher start success
2020-03-27 19:09:13,723 INFO 71695 [egg:core] dump config after ready, 6ms
2020-03-27 19:09:18,137 INFO 71705 [egg:logger] init all loggers with options: {"dir":"/Users/fengzhihao/Projects/github/edith-backend/logs/egg-ts","encoding":"utf8","env":"local","level":"INFO","consoleLevel":"INFO","disableConsoleAfterReady":false,"outputJSON":false,"buffer":true,"appLogName":"egg-ts-web.log","coreLogName":"egg-web.log","agentLogName":"egg-agent.log","errorLogName":"common-error.log","coreLogger":{"consoleLevel":"WARN"},"allowDebugAtProd":false,"type":"application"}
2020-03-27 19:09:18,168 INFO 71705 [egg-multipart] stream mode enable
2020-03-27 19:09:18,244 INFO 71705 [egg-static] starting static serve /public/ -> /Users/fengzhihao/Projects/github/edith-backend/app/public
2020-03-27 19:09:20,050 INFO 71705 [egg:core] dump config after load, 6ms
2020-03-27 19:09:20,064 INFO 71705 [egg-watcher:application] watcher start success
2020-03-27 19:09:20,080 INFO 71705 [egg:core] dump config after ready, 13ms
2020-03-27 19:09:33,912 INFO 71727 [egg:logger] init all loggers with options: {"dir":"/Users/fengzhihao/Projects/github/edith-backend/logs/egg-ts","encoding":"utf8","env":"local","level":"INFO","consoleLevel":"INFO","disableConsoleAfterReady":false,"outputJSON":false,"buffer":true,"appLogName":"egg-ts-web.log","coreLogName":"egg-web.log","agentLogName":"egg-agent.log","errorLogName":"common-error.log","coreLogger":{"consoleLevel":"WARN"},"allowDebugAtProd":false,"type":"application"}
2020-03-27 19:09:33,956 INFO 71727 [egg-multipart] stream mode enable
2020-03-27 19:09:34,031 INFO 71727 [egg-static] starting static serve /public/ -> /Users/fengzhihao/Projects/github/edith-backend/app/public
2020-03-27 19:09:36,142 INFO 71727 [egg:core] dump config after load, 5ms
2020-03-27 19:09:36,157 INFO 71727 [egg-watcher:application] watcher start success
2020-03-27 19:09:36,193 INFO 71727 [egg:core] dump config after ready, 34ms
2020-03-27 19:10:01,018 INFO 71762 [egg:logger] init all loggers with options: {"dir":"/Users/fengzhihao/Projects/github/edith-backend/logs/egg-ts","encoding":"utf8","env":"local","level":"INFO","consoleLevel":"INFO","disableConsoleAfterReady":false,"outputJSON":false,"buffer":true,"appLogName":"egg-ts-web.log","coreLogName":"egg-web.log","agentLogName":"egg-agent.log","errorLogName":"common-error.log","coreLogger":{"consoleLevel":"WARN"},"allowDebugAtProd":false,"type":"application"}
2020-03-27 19:10:01,087 INFO 71762 [egg-multipart] stream mode enable
2020-03-27 19:10:01,176 INFO 71762 [egg-static] starting static serve /public/ -> /Users/fengzhihao/Projects/github/edith-backend/app/public
2020-03-27 19:10:03,168 INFO 71762 [egg:core] dump config after load, 5ms
2020-03-27 19:10:03,185 INFO 71762 [egg-watcher:application] watcher start success
2020-03-27 19:10:03,219 INFO 71762 [egg:core] dump config after ready, 30ms
2020-03-27 19:10:09,671 INFO 71786 [egg:logger] init all loggers with options: {"dir":"/Users/fengzhihao/Projects/github/edith-backend/logs/egg-ts","encoding":"utf8","env":"local","level":"INFO","consoleLevel":"INFO","disableConsoleAfterReady":false,"outputJSON":false,"buffer":true,"appLogName":"egg-ts-web.log","coreLogName":"egg-web.log","agentLogName":"egg-agent.log","errorLogName":"common-error.log","coreLogger":{"consoleLevel":"WARN"},"allowDebugAtProd":false,"type":"application"}
2020-03-27 19:10:09,703 INFO 71786 [egg-multipart] stream mode enable
2020-03-27 19:10:09,777 INFO 71786 [egg-static] starting static serve /public/ -> /Users/fengzhihao/Projects/github/edith-backend/app/public
2020-03-27 19:10:11,956 INFO 71786 [egg:core] dump config after load, 5ms
2020-03-27 19:10:11,968 INFO 71786 [egg-watcher:application] watcher start success
2020-03-27 19:10:11,976 INFO 71786 [egg:core] dump config after ready, 5ms
2020-03-27 19:10:33,039 INFO 71815 [egg:logger] init all loggers with options: {"dir":"/Users/fengzhihao/Projects/github/edith-backend/logs/egg-ts","encoding":"utf8","env":"local","level":"INFO","consoleLevel":"INFO","disableConsoleAfterReady":false,"outputJSON":false,"buffer":true,"appLogName":"egg-ts-web.log","coreLogName":"egg-web.log","agentLogName":"egg-agent.log","errorLogName":"common-error.log","coreLogger":{"consoleLevel":"WARN"},"allowDebugAtProd":false,"type":"application"}
2020-03-27 19:10:33,073 INFO 71815 [egg-multipart] stream mode enable
2020-03-27 19:10:33,138 INFO 71815 [egg-static] starting static serve /public/ -> /Users/fengzhihao/Projects/github/edith-backend/app/public
2020-03-27 19:10:33,160 INFO 71815 [egg:core] dump config after load, 12ms
2020-03-27 19:10:33,192 INFO 71815 [egg-watcher:application] watcher start success
2020-03-27 19:10:33,200 INFO 71815 [egg:core] dump config after ready, 6ms
2020-03-27 19:10:35,094 INFO 71821 [egg:logger] init all loggers with options: {"dir":"/Users/fengzhihao/Projects/github/edith-backend/logs/egg-ts","encoding":"utf8","env":"local","level":"INFO","consoleLevel":"INFO","disableConsoleAfterReady":false,"outputJSON":false,"buffer":true,"appLogName":"egg-ts-web.log","coreLogName":"egg-web.log","agentLogName":"egg-agent.log","errorLogName":"common-error.log","coreLogger":{"consoleLevel":"WARN"},"allowDebugAtProd":false,"type":"application"}
2020-03-27 19:10:35,136 INFO 71821 [egg-multipart] stream mode enable
2020-03-27 19:10:35,189 INFO 71821 [egg-static] starting static serve /public/ -> /Users/fengzhihao/Projects/github/edith-backend/app/public
2020-03-27 19:10:35,208 INFO 71821 [egg:core] dump config after load, 8ms
2020-03-27 19:10:35,220 INFO 71821 [egg-watcher:application] watcher start success
2020-03-27 19:10:35,228 INFO 71821 [egg:core] dump config after ready, 6ms
2020-03-27 19:12:39,978 INFO 71907 [egg:logger] init all loggers with options: {"dir":"/Users/fengzhihao/Projects/github/edith-backend/logs/egg-ts","encoding":"utf8","env":"local","level":"INFO","consoleLevel":"INFO","disableConsoleAfterReady":false,"outputJSON":false,"buffer":true,"appLogName":"egg-ts-web.log","coreLogName":"egg-web.log","agentLogName":"egg-agent.log","errorLogName":"common-error.log","coreLogger":{"consoleLevel":"WARN"},"allowDebugAtProd":false,"type":"application"}
2020-03-27 19:12:40,010 INFO 71907 [egg-multipart] stream mode enable
2020-03-27 19:12:40,105 INFO 71907 [egg-static] starting static serve /public/ -> /Users/fengzhihao/Projects/github/edith-backend/app/public
2020-03-27 19:12:40,166 INFO 71907 [egg:core] dump config after load, 5ms
2020-03-27 19:12:40,184 INFO 71907 [egg-watcher:application] watcher start success
2020-03-27 19:12:40,208 INFO 71907 [egg:core] dump config after ready, 19ms
2020-03-27 19:13:17,202 INFO 71936 [egg:logger] init all loggers with options: {"dir":"/Users/fengzhihao/Projects/github/edith-backend/logs/egg-ts","encoding":"utf8","env":"local","level":"INFO","consoleLevel":"INFO","disableConsoleAfterReady":false,"outputJSON":false,"buffer":true,"appLogName":"egg-ts-web.log","coreLogName":"egg-web.log","agentLogName":"egg-agent.log","errorLogName":"common-error.log","coreLogger":{"consoleLevel":"WARN"},"allowDebugAtProd":false,"type":"application"}
2020-03-27 19:13:17,234 INFO 71936 [egg-multipart] stream mode enable
2020-03-27 19:13:17,301 INFO 71936 [egg-static] starting static serve /public/ -> /Users/fengzhihao/Projects/github/edith-backend/app/public
2020-03-27 19:13:17,316 INFO 71936 [egg:core] dump config after load, 5ms
2020-03-27 19:13:17,326 INFO 71936 [egg-watcher:application] watcher start success
2020-03-27 19:13:17,333 INFO 71936 [egg:core] dump config after ready, 5ms
2020-03-27 19:13:54,094 INFO 71967 [egg:logger] init all loggers with options: {"dir":"/Users/fengzhihao/Projects/github/edith-backend/logs/egg-ts","encoding":"utf8","env":"local","level":"INFO","consoleLevel":"INFO","disableConsoleAfterReady":false,"outputJSON":false,"buffer":true,"appLogName":"egg-ts-web.log","coreLogName":"egg-web.log","agentLogName":"egg-agent.log","errorLogName":"common-error.log","coreLogger":{"consoleLevel":"WARN"},"allowDebugAtProd":false,"type":"application"}
2020-03-27 19:13:54,127 INFO 71967 [egg-multipart] stream mode enable
2020-03-27 19:13:54,210 INFO 71967 [egg-static] starting static serve /public/ -> /Users/fengzhihao/Projects/github/edith-backend/app/public
2020-03-27 19:13:54,226 INFO 71967 [egg:core] dump config after load, 5ms
2020-03-27 19:13:54,237 INFO 71967 [egg-watcher:application] watcher start success
2020-03-27 19:13:54,247 INFO 71967 [egg:core] dump config after ready, 5ms
2020-03-27 19:15:52,843 INFO 72090 [egg:logger] init all loggers with options: {"dir":"/Users/fengzhihao/Projects/github/edith-backend/logs/egg-ts","encoding":"utf8","env":"local","level":"INFO","consoleLevel":"INFO","disableConsoleAfterReady":false,"outputJSON":false,"buffer":true,"appLogName":"egg-ts-web.log","coreLogName":"egg-web.log","agentLogName":"egg-agent.log","errorLogName":"common-error.log","coreLogger":{"consoleLevel":"WARN"},"allowDebugAtProd":false,"type":"application"}
2020-03-27 19:15:52,880 INFO 72090 [egg-multipart] stream mode enable
2020-03-27 19:15:52,926 INFO 72090 [egg-static] starting static serve /public/ -> /Users/fengzhihao/Projects/github/edith-backend/app/public
2020-03-27 19:15:54,343 INFO 72090 [egg:core] dump config after load, 4ms
2020-03-27 19:15:54,357 INFO 72090 [egg-watcher:application] watcher start success
2020-03-27 19:15:54,372 INFO 72090 [egg:core] dump config after ready, 13ms
2020-03-27 19:16:12,819 INFO 72104 [egg:logger] init all loggers with options: {"dir":"/Users/fengzhihao/Projects/github/edith-backend/logs/egg-ts","encoding":"utf8","env":"local","level":"INFO","consoleLevel":"INFO","disableConsoleAfterReady":false,"outputJSON":false,"buffer":true,"appLogName":"egg-ts-web.log","coreLogName":"egg-web.log","agentLogName":"egg-agent.log","errorLogName":"common-error.log","coreLogger":{"consoleLevel":"WARN"},"allowDebugAtProd":false,"type":"application"}
2020-03-27 19:16:12,855 INFO 72104 [egg-multipart] stream mode enable
2020-03-27 19:16:12,907 INFO 72104 [egg-static] starting static serve /public/ -> /Users/fengzhihao/Projects/github/edith-backend/app/public
2020-03-27 19:16:12,922 INFO 72104 [egg:core] dump config after load, 6ms
2020-03-27 19:16:12,936 INFO 72104 [egg-watcher:application] watcher start success
2020-03-27 19:16:12,943 INFO 72104 [egg:core] dump config after ready, 5ms
2020-03-27 19:16:20,677 INFO 72112 [egg:logger] init all loggers with options: {"dir":"/Users/fengzhihao/Projects/github/edith-backend/logs/egg-ts","encoding":"utf8","env":"local","level":"INFO","consoleLevel":"INFO","disableConsoleAfterReady":false,"outputJSON":false,"buffer":true,"appLogName":"egg-ts-web.log","coreLogName":"egg-web.log","agentLogName":"egg-agent.log","errorLogName":"common-error.log","coreLogger":{"consoleLevel":"WARN"},"allowDebugAtProd":false,"type":"application"}
2020-03-27 19:16:20,718 INFO 72112 [egg-multipart] stream mode enable
2020-03-27 19:16:20,788 INFO 72112 [egg-static] starting static serve /public/ -> /Users/fengzhihao/Projects/github/edith-backend/app/public
2020-03-27 19:16:20,860 INFO 72112 [egg:core] dump config after load, 11ms
2020-03-27 19:16:20,883 INFO 72112 [egg-watcher:application] watcher start success
2020-03-27 19:16:20,897 INFO 72112 [egg:core] dump config after ready, 11ms
2020-03-27 19:19:44,839 INFO 72271 [egg:logger] init all loggers with options: {"dir":"/Users/fengzhihao/Projects/github/edith-backend/logs/egg-ts","encoding":"utf8","env":"local","level":"INFO","consoleLevel":"INFO","disableConsoleAfterReady":false,"outputJSON":false,"buffer":true,"appLogName":"egg-ts-web.log","coreLogName":"egg-web.log","agentLogName":"egg-agent.log","errorLogName":"common-error.log","coreLogger":{"consoleLevel":"WARN"},"allowDebugAtProd":false,"type":"application"}
2020-03-27 19:19:44,887 INFO 72271 [egg-multipart] stream mode enable
2020-03-27 19:19:47,346 INFO 72271 [egg-static] starting static serve /public/ -> /Users/fengzhihao/Projects/github/edith-backend/app/public
2020-03-27 19:19:47,361 INFO 72271 [egg:core] dump config after load, 5ms
2020-03-27 19:19:47,375 INFO 72271 [egg-watcher:application] watcher start success
2020-03-27 19:19:47,409 INFO 72271 [egg:core] dump config after ready, 31ms
2020-03-27 19:21:04,634 INFO 72342 [egg:logger] init all loggers with options: {"dir":"/Users/fengzhihao/Projects/github/edith-backend/logs/egg-ts","encoding":"utf8","env":"local","level":"INFO","consoleLevel":"INFO","disableConsoleAfterReady":false,"outputJSON":false,"buffer":true,"appLogName":"egg-ts-web.log","coreLogName":"egg-web.log","agentLogName":"egg-agent.log","errorLogName":"common-error.log","coreLogger":{"consoleLevel":"WARN"},"allowDebugAtProd":false,"type":"application"}
2020-03-27 19:21:04,668 INFO 72342 [egg-multipart] stream mode enable
2020-03-27 19:21:04,726 INFO 72342 [egg-static] starting static serve /public/ -> /Users/fengzhihao/Projects/github/edith-backend/app/public
2020-03-27 19:21:06,100 INFO 72342 [egg:core] dump config after load, 4ms
2020-03-27 19:21:06,115 INFO 72342 [egg-watcher:application] watcher start success
2020-03-27 19:21:06,123 INFO 72342 [egg:core] dump config after ready, 6ms
2020-03-27 19:21:31,560 INFO 72359 [egg:logger] init all loggers with options: {"dir":"/Users/fengzhihao/Projects/github/edith-backend/logs/egg-ts","encoding":"utf8","env":"local","level":"INFO","consoleLevel":"INFO","disableConsoleAfterReady":false,"outputJSON":false,"buffer":true,"appLogName":"egg-ts-web.log","coreLogName":"egg-web.log","agentLogName":"egg-agent.log","errorLogName":"common-error.log","coreLogger":{"consoleLevel":"WARN"},"allowDebugAtProd":false,"type":"application"}
2020-03-27 19:21:31,596 INFO 72359 [egg-multipart] stream mode enable
2020-03-27 19:21:31,649 INFO 72359 [egg-static] starting static serve /public/ -> /Users/fengzhihao/Projects/github/edith-backend/app/public
2020-03-27 19:21:33,377 INFO 72359 [egg:core] dump config after load, 4ms
2020-03-27 19:21:33,389 INFO 72359 [egg-watcher:application] watcher start success
2020-03-27 19:21:33,423 INFO 72359 [egg:core] dump config after ready, 31ms
2020-03-27 19:23:10,867 INFO 72453 [egg:logger] init all loggers with options: {"dir":"/Users/fengzhihao/Projects/github/edith-backend/logs/egg-ts","encoding":"utf8","env":"local","level":"INFO","consoleLevel":"INFO","disableConsoleAfterReady":false,"outputJSON":false,"buffer":true,"appLogName":"egg-ts-web.log","coreLogName":"egg-web.log","agentLogName":"egg-agent.log","errorLogName":"common-error.log","coreLogger":{"consoleLevel":"WARN"},"allowDebugAtProd":false,"type":"application"}
2020-03-27 19:23:11,002 INFO 72453 [egg-multipart] stream mode enable
2020-03-27 19:23:11,188 INFO 72453 [egg-static] starting static serve /public/ -> /Users/fengzhihao/Projects/github/edith-backend/app/public
2020-03-27 19:23:13,629 INFO 72453 [egg:core] dump config after load, 5ms
2020-03-27 19:23:13,649 INFO 72453 [egg-watcher:application] watcher start success
2020-03-27 19:23:13,717 INFO 72453 [egg:core] dump config after ready, 64ms
2020-03-27 19:23:33,488 INFO 72478 [egg:logger] init all loggers with options: {"dir":"/Users/fengzhihao/Projects/github/edith-backend/logs/egg-ts","encoding":"utf8","env":"local","level":"INFO","consoleLevel":"INFO","disableConsoleAfterReady":false,"outputJSON":false,"buffer":true,"appLogName":"egg-ts-web.log","coreLogName":"egg-web.log","agentLogName":"egg-agent.log","errorLogName":"common-error.log","coreLogger":{"consoleLevel":"WARN"},"allowDebugAtProd":false,"type":"application"}
2020-03-27 19:23:33,525 INFO 72478 [egg-multipart] stream mode enable
2020-03-27 19:23:33,599 INFO 72478 [egg-static] starting static serve /public/ -> /Users/fengzhihao/Projects/github/edith-backend/app/public
2020-03-27 19:23:35,329 INFO 72478 [egg:core] dump config after load, 5ms
2020-03-27 19:23:35,343 INFO 72478 [egg-watcher:application] watcher start success
2020-03-27 19:23:35,384 INFO 72478 [egg:core] dump config after ready, 38ms
2020-03-27 19:24:43,755 INFO 72540 [egg:logger] init all loggers with options: {"dir":"/Users/fengzhihao/Projects/github/edith-backend/logs/egg-ts","encoding":"utf8","env":"local","level":"INFO","consoleLevel":"INFO","disableConsoleAfterReady":false,"outputJSON":false,"buffer":true,"appLogName":"egg-ts-web.log","coreLogName":"egg-web.log","agentLogName":"egg-agent.log","errorLogName":"common-error.log","coreLogger":{"consoleLevel":"WARN"},"allowDebugAtProd":false,"type":"application"}
2020-03-27 19:24:43,791 INFO 72540 [egg-multipart] stream mode enable
2020-03-27 19:24:43,870 INFO 72540 [egg-static] starting static serve /public/ -> /Users/fengzhihao/Projects/github/edith-backend/app/public
2020-03-27 19:24:43,887 INFO 72540 [egg:core] dump config after load, 4ms
2020-03-27 19:24:43,899 INFO 72540 [egg-watcher:application] watcher start success
2020-03-27 19:24:43,906 INFO 72540 [egg:core] dump config after ready, 5ms
2020-03-27 19:24:53,405 INFO 72558 [egg:logger] init all loggers with options: {"dir":"/Users/fengzhihao/Projects/github/edith-backend/logs/egg-ts","encoding":"utf8","env":"local","level":"INFO","consoleLevel":"INFO","disableConsoleAfterReady":false,"outputJSON":false,"buffer":true,"appLogName":"egg-ts-web.log","coreLogName":"egg-web.log","agentLogName":"egg-agent.log","errorLogName":"common-error.log","coreLogger":{"consoleLevel":"WARN"},"allowDebugAtProd":false,"type":"application"}
2020-03-27 19:24:53,438 INFO 72558 [egg-multipart] stream mode enable
2020-03-27 19:24:53,487 INFO 72558 [egg-static] starting static serve /public/ -> /Users/fengzhihao/Projects/github/edith-backend/app/public
2020-03-27 19:24:55,133 INFO 72558 [egg:core] dump config after load, 5ms
2020-03-27 19:24:55,145 INFO 72558 [egg-watcher:application] watcher start success
2020-03-27 19:24:55,181 INFO 72558 [egg:core] dump config after ready, 34ms
2020-03-27 19:24:59,838 INFO 72571 [egg:logger] init all loggers with options: {"dir":"/Users/fengzhihao/Projects/github/edith-backend/logs/egg-ts","encoding":"utf8","env":"local","level":"INFO","consoleLevel":"INFO","disableConsoleAfterReady":false,"outputJSON":false,"buffer":true,"appLogName":"egg-ts-web.log","coreLogName":"egg-web.log","agentLogName":"egg-agent.log","errorLogName":"common-error.log","coreLogger":{"consoleLevel":"WARN"},"allowDebugAtProd":false,"type":"application"}
2020-03-27 19:24:59,876 INFO 72571 [egg-multipart] stream mode enable
2020-03-27 19:24:59,931 INFO 72571 [egg-static] starting static serve /public/ -> /Users/fengzhihao/Projects/github/edith-backend/app/public
2020-03-27 19:25:01,771 INFO 72571 [egg:core] dump config after load, 4ms
2020-03-27 19:25:01,791 INFO 72571 [egg-watcher:application] watcher start success
2020-03-27 19:25:01,870 INFO 72571 [egg:core] dump config after ready, 75ms
2020-03-27 19:25:36,991 INFO 72607 [egg:logger] init all loggers with options: {"dir":"/Users/fengzhihao/Projects/github/edith-backend/logs/egg-ts","encoding":"utf8","env":"local","level":"INFO","consoleLevel":"INFO","disableConsoleAfterReady":false,"outputJSON":false,"buffer":true,"appLogName":"egg-ts-web.log","coreLogName":"egg-web.log","agentLogName":"egg-agent.log","errorLogName":"common-error.log","coreLogger":{"consoleLevel":"WARN"},"allowDebugAtProd":false,"type":"application"}
2020-03-27 19:25:37,037 INFO 72607 [egg-multipart] stream mode enable
2020-03-27 19:25:37,122 INFO 72607 [egg-static] starting static serve /public/ -> /Users/fengzhihao/Projects/github/edith-backend/app/public
2020-03-27 19:25:37,160 INFO 72607 [egg:core] dump config after load, 28ms
2020-03-27 19:25:37,172 INFO 72607 [egg-watcher:application] watcher start success
2020-03-27 19:25:37,182 INFO 72607 [egg:core] dump config after ready, 8ms
2020-03-27 19:26:04,238 INFO 72654 [egg:logger] init all loggers with options: {"dir":"/Users/fengzhihao/Projects/github/edith-backend/logs/egg-ts","encoding":"utf8","env":"local","level":"INFO","consoleLevel":"INFO","disableConsoleAfterReady":false,"outputJSON":false,"buffer":true,"appLogName":"egg-ts-web.log","coreLogName":"egg-web.log","agentLogName":"egg-agent.log","errorLogName":"common-error.log","coreLogger":{"consoleLevel":"WARN"},"allowDebugAtProd":false,"type":"application"}
2020-03-27 19:26:04,270 INFO 72654 [egg-multipart] stream mode enable
2020-03-27 19:26:04,341 INFO 72654 [egg-static] starting static serve /public/ -> /Users/fengzhihao/Projects/github/edith-backend/app/public
2020-03-27 19:26:04,389 INFO 72654 [egg:core] dump config after load, 38ms
2020-03-27 19:26:04,400 INFO 72654 [egg-watcher:application] watcher start success
2020-03-27 19:26:04,408 INFO 72654 [egg:core] dump config after ready, 6ms
2020-03-27 19:26:18,584 INFO 72679 [egg:logger] init all loggers with options: {"dir":"/Users/fengzhihao/Projects/github/edith-backend/logs/egg-ts","encoding":"utf8","env":"local","level":"INFO","consoleLevel":"INFO","disableConsoleAfterReady":false,"outputJSON":false,"buffer":true,"appLogName":"egg-ts-web.log","coreLogName":"egg-web.log","agentLogName":"egg-agent.log","errorLogName":"common-error.log","coreLogger":{"consoleLevel":"WARN"},"allowDebugAtProd":false,"type":"application"}
2020-03-27 19:26:18,631 INFO 72679 [egg-multipart] stream mode enable
2020-03-27 19:26:18,765 INFO 72679 [egg-static] starting static serve /public/ -> /Users/fengzhihao/Projects/github/edith-backend/app/public
2020-03-27 19:26:21,308 INFO 72679 [egg:core] dump config after load, 6ms
2020-03-27 19:26:21,322 INFO 72679 [egg-watcher:application] watcher start success
2020-03-27 19:26:21,392 INFO 72679 [egg:core] dump config after ready, 68ms
2020-03-27 19:26:23,498 INFO 72686 [egg:logger] init all loggers with options: {"dir":"/Users/fengzhihao/Projects/github/edith-backend/logs/egg-ts","encoding":"utf8","env":"local","level":"INFO","consoleLevel":"INFO","disableConsoleAfterReady":false,"outputJSON":false,"buffer":true,"appLogName":"egg-ts-web.log","coreLogName":"egg-web.log","agentLogName":"egg-agent.log","errorLogName":"common-error.log","coreLogger":{"consoleLevel":"WARN"},"allowDebugAtProd":false,"type":"application"}
2020-03-27 19:26:23,530 INFO 72686 [egg-multipart] stream mode enable
2020-03-27 19:26:23,582 INFO 72686 [egg-static] starting static serve /public/ -> /Users/fengzhihao/Projects/github/edith-backend/app/public
2020-03-27 19:26:23,597 INFO 72686 [egg:core] dump config after load, 6ms
2020-03-27 19:26:23,610 INFO 72686 [egg-watcher:application] watcher start success
2020-03-27 19:26:23,623 INFO 72686 [egg:core] dump config after ready, 7ms
2020-03-27 19:29:18,552 INFO 72832 [egg:logger] init all loggers with options: {"dir":"/Users/fengzhihao/Projects/github/edith-backend/logs/egg-ts","encoding":"utf8","env":"local","level":"INFO","consoleLevel":"INFO","disableConsoleAfterReady":false,"outputJSON":false,"buffer":true,"appLogName":"egg-ts-web.log","coreLogName":"egg-web.log","agentLogName":"egg-agent.log","errorLogName":"common-error.log","coreLogger":{"consoleLevel":"WARN"},"allowDebugAtProd":false,"type":"application"}
2020-03-27 19:29:18,597 INFO 72832 [egg-multipart] stream mode enable
2020-03-27 19:29:20,433 INFO 72832 [egg-static] starting static serve /public/ -> /Users/fengzhihao/Projects/github/edith-backend/app/public
2020-03-27 19:29:20,472 INFO 72832 [egg:core] dump config after load, 30ms
2020-03-27 19:29:20,484 INFO 72832 [egg-watcher:application] watcher start success
2020-03-27 19:29:20,506 INFO 72832 [egg:core] dump config after ready, 20ms
2020-03-27 19:29:23,574 INFO 72840 [egg:logger] init all loggers with options: {"dir":"/Users/fengzhihao/Projects/github/edith-backend/logs/egg-ts","encoding":"utf8","env":"local","level":"INFO","consoleLevel":"INFO","disableConsoleAfterReady":false,"outputJSON":false,"buffer":true,"appLogName":"egg-ts-web.log","coreLogName":"egg-web.log","agentLogName":"egg-agent.log","errorLogName":"common-error.log","coreLogger":{"consoleLevel":"WARN"},"allowDebugAtProd":false,"type":"application"}
2020-03-27 19:29:23,605 INFO 72840 [egg-multipart] stream mode enable
2020-03-27 19:29:26,590 INFO 72840 [egg-static] starting static serve /public/ -> /Users/fengzhihao/Projects/github/edith-backend/app/public
2020-03-27 19:29:26,604 INFO 72840 [egg:core] dump config after load, 5ms
2020-03-27 19:29:26,626 INFO 72840 [egg-watcher:application] watcher start success
2020-03-27 19:29:26,662 INFO 72840 [egg:core] dump config after ready, 33ms
2020-03-27 19:33:41,499 INFO 73027 [egg:logger] init all loggers with options: {"dir":"/Users/fengzhihao/Projects/github/edith-backend/logs/egg-ts","encoding":"utf8","env":"local","level":"INFO","consoleLevel":"INFO","disableConsoleAfterReady":false,"outputJSON":false,"buffer":true,"appLogName":"egg-ts-web.log","coreLogName":"egg-web.log","agentLogName":"egg-agent.log","errorLogName":"common-error.log","coreLogger":{"consoleLevel":"WARN"},"allowDebugAtProd":false,"type":"application"}
2020-03-27 19:33:41,534 INFO 73027 [egg-multipart] stream mode enable
2020-03-27 19:33:43,189 INFO 73027 [egg-static] starting static serve /public/ -> /Users/fengzhihao/Projects/github/edith-backend/app/public
2020-03-27 19:33:43,237 INFO 73027 [egg:core] dump config after load, 37ms
2020-03-27 19:33:43,251 INFO 73027 [egg-watcher:application] watcher start success
2020-03-27 19:33:43,260 INFO 73027 [egg:core] dump config after ready, 7ms
2020-03-27 19:37:34,433 INFO 73218 [egg:logger] init all loggers with options: {"dir":"/Users/fengzhihao/Projects/github/edith-backend/logs/egg-ts","encoding":"utf8","env":"local","level":"INFO","consoleLevel":"INFO","disableConsoleAfterReady":false,"outputJSON":false,"buffer":true,"appLogName":"egg-ts-web.log","coreLogName":"egg-web.log","agentLogName":"egg-agent.log","errorLogName":"common-error.log","coreLogger":{"consoleLevel":"WARN"},"allowDebugAtProd":false,"type":"application"}
2020-03-27 19:37:34,469 INFO 73218 [egg-multipart] stream mode enable
2020-03-27 19:37:34,682 INFO 73218 [egg-static] starting static serve /public/ -> /Users/fengzhihao/Projects/github/edith-backend/app/public
2020-03-27 19:37:34,744 INFO 73218 [egg:core] dump config after load, 6ms
2020-03-27 19:37:34,758 INFO 73218 [egg-watcher:application] watcher start success
2020-03-27 19:37:34,768 INFO 73218 [egg:core] dump config after ready, 7ms
2020-03-27 19:37:44,225 INFO 73241 [egg:logger] init all loggers with options: {"dir":"/Users/fengzhihao/Projects/github/edith-backend/logs/egg-ts","encoding":"utf8","env":"local","level":"INFO","consoleLevel":"INFO","disableConsoleAfterReady":false,"outputJSON":false,"buffer":true,"appLogName":"egg-ts-web.log","coreLogName":"egg-web.log","agentLogName":"egg-agent.log","errorLogName":"common-error.log","coreLogger":{"consoleLevel":"WARN"},"allowDebugAtProd":false,"type":"application"}
2020-03-27 19:37:44,260 INFO 73241 [egg-multipart] stream mode enable
2020-03-27 19:37:44,408 INFO 73241 [egg-static] starting static serve /public/ -> /Users/fengzhihao/Projects/github/edith-backend/app/public
2020-03-27 19:37:46,463 INFO 73241 [egg:core] dump config after load, 5ms
2020-03-27 19:37:46,475 INFO 73241 [egg-watcher:application] watcher start success
2020-03-27 19:37:46,512 INFO 73241 [egg:core] dump config after ready, 34ms
2020-03-27 19:38:38,392 INFO 73294 [egg:logger] init all loggers with options: {"dir":"/Users/fengzhihao/Projects/github/edith-backend/logs/egg-ts","encoding":"utf8","env":"local","level":"INFO","consoleLevel":"INFO","disableConsoleAfterReady":false,"outputJSON":false,"buffer":true,"appLogName":"egg-ts-web.log","coreLogName":"egg-web.log","agentLogName":"egg-agent.log","errorLogName":"common-error.log","coreLogger":{"consoleLevel":"WARN"},"allowDebugAtProd":false,"type":"application"}
2020-03-27 19:38:38,421 INFO 73294 [egg-multipart] stream mode enable
2020-03-27 19:38:38,474 INFO 73294 [egg-static] starting static serve /public/ -> /Users/fengzhihao/Projects/github/edith-backend/app/public
2020-03-27 19:38:40,826 INFO 73294 [egg:core] dump config after load, 5ms
2020-03-27 19:38:40,851 INFO 73294 [egg-watcher:application] watcher start success
2020-03-27 19:38:40,893 INFO 73294 [egg:core] dump config after ready, 40ms
2020-03-27 19:41:51,365 INFO 73521 [egg:logger] init all loggers with options: {"dir":"/Users/fengzhihao/Projects/github/edith-backend/logs/egg-ts","encoding":"utf8","env":"local","level":"INFO","consoleLevel":"INFO","disableConsoleAfterReady":false,"outputJSON":false,"buffer":true,"appLogName":"egg-ts-web.log","coreLogName":"egg-web.log","agentLogName":"egg-agent.log","errorLogName":"common-error.log","coreLogger":{"consoleLevel":"WARN"},"allowDebugAtProd":false,"type":"application"}
2020-03-27 19:41:51,397 INFO 73521 [egg-multipart] stream mode enable
2020-03-27 19:41:51,537 INFO 73521 [egg-static] starting static serve /public/ -> /Users/fengzhihao/Projects/github/edith-backend/app/public
2020-03-27 19:41:51,599 INFO 73521 [egg:core] dump config after load, 5ms
2020-03-27 19:41:51,612 INFO 73521 [egg-watcher:application] watcher start success
2020-03-27 19:41:51,622 INFO 73521 [egg:core] dump config after ready, 7ms
2020-03-27 22:09:41,545 INFO 1448 [egg:logger] init all loggers with options: {"dir":"/Users/fengzhihao/Projects/github/edith-backend/logs/egg-ts","encoding":"utf8","env":"local","level":"INFO","consoleLevel":"INFO","disableConsoleAfterReady":false,"outputJSON":false,"buffer":true,"appLogName":"egg-ts-web.log","coreLogName":"egg-web.log","agentLogName":"egg-agent.log","errorLogName":"common-error.log","coreLogger":{"consoleLevel":"WARN"},"allowDebugAtProd":false,"type":"application"}
2020-03-27 22:09:41,615 INFO 1448 [egg-multipart] stream mode enable
2020-03-27 22:09:41,808 INFO 1448 [egg-static] starting static serve /public/ -> /Users/fengzhihao/Projects/github/edith-backend/app/public
2020-03-27 22:09:41,899 INFO 1448 [egg:core] dump config after load, 8ms
2020-03-27 22:09:41,922 INFO 1448 [egg-watcher:application] watcher start success
2020-03-27 22:09:41,934 INFO 1448 [egg:core] dump config after ready, 8ms
